<?xml version="1.0" encoding="UTF-8"?>
<testsuite xmlns:xsi="http://www.w3.org/2001/XMLSchema-instance" xsi:noNamespaceSchemaLocation="https://maven.apache.org/surefire/maven-surefire-plugin/xsd/surefire-test-report-3.0.xsd" version="3.0" name="org.apache.nifi.processors.saiftylake.MyProcessorTest" time="0.165" tests="1" errors="0" skipped="0" failures="0">
  <properties>
    <property name="awt.toolkit" value="sun.awt.X11.XToolkit"/>
    <property name="file.encoding.pkg" value="sun.io"/>
    <property name="java.specification.version" value="1.8"/>
    <property name="sun.cpu.isalist" value=""/>
    <property name="sun.jnu.encoding" value="UTF-8"/>
    <property name="java.class.path" value="/mnt/f/my_proccessor/nifi_saifty_lake/nifi-saiftylake-processors/target/test-classes:/mnt/f/my_proccessor/nifi_saifty_lake/nifi-saiftylake-processors/target/classes:/home/zohair/.m2/repository/org/apache/nifi/nifi-api/1.15.0/nifi-api-1.15.0.jar:/home/zohair/.m2/repository/org/apache/nifi/nifi-utils/1.15.0/nifi-utils-1.15.0.jar:/home/zohair/.m2/repository/org/apache/nifi/nifi-mock/1.15.0/nifi-mock-1.15.0.jar:/home/zohair/.m2/repository/org/apache/nifi/nifi-framework-api/1.15.0/nifi-framework-api-1.15.0.jar:/home/zohair/.m2/repository/org/apache/nifi/nifi-parameter/1.15.0/nifi-parameter-1.15.0.jar:/home/zohair/.m2/repository/org/apache/nifi/nifi-framework-core-api/1.15.0/nifi-framework-core-api-1.15.0.jar:/home/zohair/.m2/repository/org/apache/nifi/nifi-framework-nar-utils/1.15.0/nifi-framework-nar-utils-1.15.0.jar:/home/zohair/.m2/repository/org/apache/nifi/nifi-client-dto/1.15.0/nifi-client-dto-1.15.0.jar:/home/zohair/.m2/repository/io/swagger/swagger-annotations/1.6.0/swagger-annotations-1.6.0.jar:/home/zohair/.m2/repository/org/apache/nifi/nifi-site-to-site-client/1.15.0/nifi-site-to-site-client-1.15.0.jar:/home/zohair/.m2/repository/org/apache/nifi/nifi-security-utils/1.15.0/nifi-security-utils-1.15.0.jar:/home/zohair/.m2/repository/org/apache/nifi/nifi-security-utils-api/1.15.0/nifi-security-utils-api-1.15.0.jar:/home/zohair/.m2/repository/org/apache/nifi/nifi-security-kms/1.15.0/nifi-security-kms-1.15.0.jar:/home/zohair/.m2/repository/org/bouncycastle/bcprov-jdk15on/1.69/bcprov-jdk15on-1.69.jar:/home/zohair/.m2/repository/org/bouncycastle/bcpkix-jdk15on/1.69/bcpkix-jdk15on-1.69.jar:/home/zohair/.m2/repository/org/bouncycastle/bcutil-jdk15on/1.69/bcutil-jdk15on-1.69.jar:/home/zohair/.m2/repository/org/apache/nifi/nifi-properties/1.15.0/nifi-properties-1.15.0.jar:/home/zohair/.m2/repository/org/apache/nifi/nifi-property-utils/1.15.0/nifi-property-utils-1.15.0.jar:/home/zohair/.m2/repository/at/favre/lib/bcrypt/0.9.0/bcrypt-0.9.0.jar:/home/zohair/.m2/repository/at/favre/lib/bytes/1.3.0/bytes-1.3.0.jar:/home/zohair/.m2/repository/org/apache/commons/commons-configuration2/2.7/commons-configuration2-2.7.jar:/home/zohair/.m2/repository/org/apache/httpcomponents/httpclient/4.5.5/httpclient-4.5.5.jar:/home/zohair/.m2/repository/org/apache/httpcomponents/httpcore/4.4.9/httpcore-4.4.9.jar:/home/zohair/.m2/repository/org/apache/httpcomponents/httpasyncclient/4.1.4/httpasyncclient-4.1.4.jar:/home/zohair/.m2/repository/org/apache/httpcomponents/httpcore-nio/4.4.10/httpcore-nio-4.4.10.jar:/home/zohair/.m2/repository/org/apache/commons/commons-lang3/3.9/commons-lang3-3.9.jar:/home/zohair/.m2/repository/org/apache/nifi/nifi-framework-authorization/1.15.0/nifi-framework-authorization-1.15.0.jar:/home/zohair/.m2/repository/org/apache/nifi/registry/nifi-registry-data-model/1.15.0/nifi-registry-data-model-1.15.0.jar:/home/zohair/.m2/repository/javax/validation/validation-api/2.0.1.Final/validation-api-2.0.1.Final.jar:/home/zohair/.m2/repository/javax/ws/rs/javax.ws.rs-api/2.1/javax.ws.rs-api-2.1.jar:/home/zohair/.m2/repository/org/apache/nifi/registry/nifi-registry-revision-entity-model/1.15.0/nifi-registry-revision-entity-model-1.15.0.jar:/home/zohair/.m2/repository/org/apache/nifi/registry/nifi-registry-client/1.15.0/nifi-registry-client-1.15.0.jar:/home/zohair/.m2/repository/org/apache/nifi/registry/nifi-registry-security-utils/1.15.0/nifi-registry-security-utils-1.15.0.jar:/home/zohair/.m2/repository/org/glassfish/jersey/core/jersey-client/2.33/jersey-client-2.33.jar:/home/zohair/.m2/repository/jakarta/ws/rs/jakarta.ws.rs-api/2.1.6/jakarta.ws.rs-api-2.1.6.jar:/home/zohair/.m2/repository/org/glassfish/hk2/external/jakarta.inject/2.6.1/jakarta.inject-2.6.1.jar:/home/zohair/.m2/repository/org/glassfish/jersey/media/jersey-media-json-jackson/2.33/jersey-media-json-jackson-2.33.jar:/home/zohair/.m2/repository/org/glassfish/jersey/ext/jersey-entity-filtering/2.33/jersey-entity-filtering-2.33.jar:/home/zohair/.m2/repository/com/fasterxml/jackson/module/jackson-module-jaxb-annotations/2.11.3/jackson-module-jaxb-annotations-2.11.3.jar:/home/zohair/.m2/repository/jakarta/xml/bind/jakarta.xml.bind-api/2.3.2/jakarta.xml.bind-api-2.3.2.jar:/home/zohair/.m2/repository/jakarta/activation/jakarta.activation-api/1.2.1/jakarta.activation-api-1.2.1.jar:/home/zohair/.m2/repository/org/glassfish/jersey/inject/jersey-hk2/2.33/jersey-hk2-2.33.jar:/home/zohair/.m2/repository/org/glassfish/hk2/hk2-locator/2.6.1/hk2-locator-2.6.1.jar:/home/zohair/.m2/repository/org/glassfish/hk2/external/aopalliance-repackaged/2.6.1/aopalliance-repackaged-2.6.1.jar:/home/zohair/.m2/repository/org/glassfish/hk2/hk2-api/2.6.1/hk2-api-2.6.1.jar:/home/zohair/.m2/repository/org/glassfish/hk2/hk2-utils/2.6.1/hk2-utils-2.6.1.jar:/home/zohair/.m2/repository/org/javassist/javassist/3.25.0-GA/javassist-3.25.0-GA.jar:/home/zohair/.m2/repository/org/glassfish/jersey/core/jersey-common/2.33/jersey-common-2.33.jar:/home/zohair/.m2/repository/jakarta/annotation/jakarta.annotation-api/1.3.5/jakarta.annotation-api-1.3.5.jar:/home/zohair/.m2/repository/org/glassfish/hk2/osgi-resource-locator/1.0.3/osgi-resource-locator-1.0.3.jar:/home/zohair/.m2/repository/org/glassfish/jersey/media/jersey-media-multipart/2.33/jersey-media-multipart-2.33.jar:/home/zohair/.m2/repository/org/jvnet/mimepull/mimepull/1.9.13/mimepull-1.9.13.jar:/home/zohair/.m2/repository/org/apache/nifi/nifi-expression-language/1.15.0/nifi-expression-language-1.15.0.jar:/home/zohair/.m2/repository/org/antlr/antlr-runtime/3.5.2/antlr-runtime-3.5.2.jar:/home/zohair/.m2/repository/org/apache/nifi/nifi-uuid5/1.15.0/nifi-uuid5-1.15.0.jar:/home/zohair/.m2/repository/com/jayway/jsonpath/json-path/2.6.0/json-path-2.6.0.jar:/home/zohair/.m2/repository/net/minidev/json-smart/2.4.7/json-smart-2.4.7.jar:/home/zohair/.m2/repository/net/minidev/accessors-smart/2.4.7/accessors-smart-2.4.7.jar:/home/zohair/.m2/repository/org/ow2/asm/asm/9.1/asm-9.1.jar:/home/zohair/.m2/repository/com/fasterxml/jackson/core/jackson-databind/2.12.3/jackson-databind-2.12.3.jar:/home/zohair/.m2/repository/com/fasterxml/jackson/core/jackson-annotations/2.12.3/jackson-annotations-2.12.3.jar:/home/zohair/.m2/repository/com/fasterxml/jackson/core/jackson-core/2.12.3/jackson-core-2.12.3.jar:/home/zohair/.m2/repository/org/apache/commons/commons-text/1.8/commons-text-1.8.jar:/home/zohair/.m2/repository/commons-codec/commons-codec/1.14/commons-codec-1.14.jar:/home/zohair/.m2/repository/org/apache/nifi/nifi-data-provenance-utils/1.15.0/nifi-data-provenance-utils-1.15.0.jar:/home/zohair/.m2/repository/org/slf4j/slf4j-simple/1.7.32/slf4j-simple-1.7.32.jar:/home/zohair/.m2/repository/org/slf4j/slf4j-api/1.7.32/slf4j-api-1.7.32.jar:/home/zohair/.m2/repository/junit/junit/4.13.2/junit-4.13.2.jar:/home/zohair/.m2/repository/org/hamcrest/hamcrest-core/1.3/hamcrest-core-1.3.jar:/home/zohair/.m2/repository/org/junit/jupiter/junit-jupiter-api/5.7.2/junit-jupiter-api-5.7.2.jar:/home/zohair/.m2/repository/org/apiguardian/apiguardian-api/1.1.0/apiguardian-api-1.1.0.jar:/home/zohair/.m2/repository/org/opentest4j/opentest4j/1.2.0/opentest4j-1.2.0.jar:/home/zohair/.m2/repository/org/junit/platform/junit-platform-commons/1.7.2/junit-platform-commons-1.7.2.jar:/home/zohair/.m2/repository/org/junit/jupiter/junit-jupiter-engine/5.7.2/junit-jupiter-engine-5.7.2.jar:/home/zohair/.m2/repository/org/junit/platform/junit-platform-engine/1.7.2/junit-platform-engine-1.7.2.jar:/home/zohair/.m2/repository/org/junit/vintage/junit-vintage-engine/5.7.2/junit-vintage-engine-5.7.2.jar:/home/zohair/.m2/repository/org/mockito/mockito-core/3.11.2/mockito-core-3.11.2.jar:/home/zohair/.m2/repository/net/bytebuddy/byte-buddy/1.11.3/byte-buddy-1.11.3.jar:/home/zohair/.m2/repository/net/bytebuddy/byte-buddy-agent/1.11.3/byte-buddy-agent-1.11.3.jar:/home/zohair/.m2/repository/org/objenesis/objenesis/3.2/objenesis-3.2.jar:/home/zohair/.m2/repository/org/mockito/mockito-junit-jupiter/3.11.2/mockito-junit-jupiter-3.11.2.jar:/home/zohair/.m2/repository/org/codehaus/groovy/groovy-test/2.5.14/groovy-test-2.5.14.jar:/home/zohair/.m2/repository/org/codehaus/groovy/groovy/2.5.14/groovy-2.5.14.jar:"/>
    <property name="java.vm.vendor" value="Private Build"/>
    <property name="sun.arch.data.model" value="64"/>
    <property name="java.vendor.url" value="http://java.oracle.com/"/>
    <property name="user.timezone" value=""/>
    <property name="java.vm.specification.version" value="1.8"/>
    <property name="os.name" value="Linux"/>
    <property name="user.country" value="${user.country}"/>
    <property name="sun.java.launcher" value="SUN_STANDARD"/>
    <property name="sun.boot.library.path" value="/usr/lib/jvm/java-8-openjdk-amd64/jre/lib/amd64"/>
    <property name="sun.java.command" value="/mnt/f/my_proccessor/nifi_saifty_lake/nifi-saiftylake-processors/target/surefire/surefirebooter5049869858894646689.jar /mnt/f/my_proccessor/nifi_saifty_lake/nifi-saiftylake-processors/target/surefire 2021-12-13T17-18-18_545-jvmRun1 surefire7371101654672424887tmp surefire_03931558478008570947tmp"/>
    <property name="surefire.test.class.path" value="/mnt/f/my_proccessor/nifi_saifty_lake/nifi-saiftylake-processors/target/test-classes:/mnt/f/my_proccessor/nifi_saifty_lake/nifi-saiftylake-processors/target/classes:/home/zohair/.m2/repository/org/apache/nifi/nifi-api/1.15.0/nifi-api-1.15.0.jar:/home/zohair/.m2/repository/org/apache/nifi/nifi-utils/1.15.0/nifi-utils-1.15.0.jar:/home/zohair/.m2/repository/org/apache/nifi/nifi-mock/1.15.0/nifi-mock-1.15.0.jar:/home/zohair/.m2/repository/org/apache/nifi/nifi-framework-api/1.15.0/nifi-framework-api-1.15.0.jar:/home/zohair/.m2/repository/org/apache/nifi/nifi-parameter/1.15.0/nifi-parameter-1.15.0.jar:/home/zohair/.m2/repository/org/apache/nifi/nifi-framework-core-api/1.15.0/nifi-framework-core-api-1.15.0.jar:/home/zohair/.m2/repository/org/apache/nifi/nifi-framework-nar-utils/1.15.0/nifi-framework-nar-utils-1.15.0.jar:/home/zohair/.m2/repository/org/apache/nifi/nifi-client-dto/1.15.0/nifi-client-dto-1.15.0.jar:/home/zohair/.m2/repository/io/swagger/swagger-annotations/1.6.0/swagger-annotations-1.6.0.jar:/home/zohair/.m2/repository/org/apache/nifi/nifi-site-to-site-client/1.15.0/nifi-site-to-site-client-1.15.0.jar:/home/zohair/.m2/repository/org/apache/nifi/nifi-security-utils/1.15.0/nifi-security-utils-1.15.0.jar:/home/zohair/.m2/repository/org/apache/nifi/nifi-security-utils-api/1.15.0/nifi-security-utils-api-1.15.0.jar:/home/zohair/.m2/repository/org/apache/nifi/nifi-security-kms/1.15.0/nifi-security-kms-1.15.0.jar:/home/zohair/.m2/repository/org/bouncycastle/bcprov-jdk15on/1.69/bcprov-jdk15on-1.69.jar:/home/zohair/.m2/repository/org/bouncycastle/bcpkix-jdk15on/1.69/bcpkix-jdk15on-1.69.jar:/home/zohair/.m2/repository/org/bouncycastle/bcutil-jdk15on/1.69/bcutil-jdk15on-1.69.jar:/home/zohair/.m2/repository/org/apache/nifi/nifi-properties/1.15.0/nifi-properties-1.15.0.jar:/home/zohair/.m2/repository/org/apache/nifi/nifi-property-utils/1.15.0/nifi-property-utils-1.15.0.jar:/home/zohair/.m2/repository/at/favre/lib/bcrypt/0.9.0/bcrypt-0.9.0.jar:/home/zohair/.m2/repository/at/favre/lib/bytes/1.3.0/bytes-1.3.0.jar:/home/zohair/.m2/repository/org/apache/commons/commons-configuration2/2.7/commons-configuration2-2.7.jar:/home/zohair/.m2/repository/org/apache/httpcomponents/httpclient/4.5.5/httpclient-4.5.5.jar:/home/zohair/.m2/repository/org/apache/httpcomponents/httpcore/4.4.9/httpcore-4.4.9.jar:/home/zohair/.m2/repository/org/apache/httpcomponents/httpasyncclient/4.1.4/httpasyncclient-4.1.4.jar:/home/zohair/.m2/repository/org/apache/httpcomponents/httpcore-nio/4.4.10/httpcore-nio-4.4.10.jar:/home/zohair/.m2/repository/org/apache/commons/commons-lang3/3.9/commons-lang3-3.9.jar:/home/zohair/.m2/repository/org/apache/nifi/nifi-framework-authorization/1.15.0/nifi-framework-authorization-1.15.0.jar:/home/zohair/.m2/repository/org/apache/nifi/registry/nifi-registry-data-model/1.15.0/nifi-registry-data-model-1.15.0.jar:/home/zohair/.m2/repository/javax/validation/validation-api/2.0.1.Final/validation-api-2.0.1.Final.jar:/home/zohair/.m2/repository/javax/ws/rs/javax.ws.rs-api/2.1/javax.ws.rs-api-2.1.jar:/home/zohair/.m2/repository/org/apache/nifi/registry/nifi-registry-revision-entity-model/1.15.0/nifi-registry-revision-entity-model-1.15.0.jar:/home/zohair/.m2/repository/org/apache/nifi/registry/nifi-registry-client/1.15.0/nifi-registry-client-1.15.0.jar:/home/zohair/.m2/repository/org/apache/nifi/registry/nifi-registry-security-utils/1.15.0/nifi-registry-security-utils-1.15.0.jar:/home/zohair/.m2/repository/org/glassfish/jersey/core/jersey-client/2.33/jersey-client-2.33.jar:/home/zohair/.m2/repository/jakarta/ws/rs/jakarta.ws.rs-api/2.1.6/jakarta.ws.rs-api-2.1.6.jar:/home/zohair/.m2/repository/org/glassfish/hk2/external/jakarta.inject/2.6.1/jakarta.inject-2.6.1.jar:/home/zohair/.m2/repository/org/glassfish/jersey/media/jersey-media-json-jackson/2.33/jersey-media-json-jackson-2.33.jar:/home/zohair/.m2/repository/org/glassfish/jersey/ext/jersey-entity-filtering/2.33/jersey-entity-filtering-2.33.jar:/home/zohair/.m2/repository/com/fasterxml/jackson/module/jackson-module-jaxb-annotations/2.11.3/jackson-module-jaxb-annotations-2.11.3.jar:/home/zohair/.m2/repository/jakarta/xml/bind/jakarta.xml.bind-api/2.3.2/jakarta.xml.bind-api-2.3.2.jar:/home/zohair/.m2/repository/jakarta/activation/jakarta.activation-api/1.2.1/jakarta.activation-api-1.2.1.jar:/home/zohair/.m2/repository/org/glassfish/jersey/inject/jersey-hk2/2.33/jersey-hk2-2.33.jar:/home/zohair/.m2/repository/org/glassfish/hk2/hk2-locator/2.6.1/hk2-locator-2.6.1.jar:/home/zohair/.m2/repository/org/glassfish/hk2/external/aopalliance-repackaged/2.6.1/aopalliance-repackaged-2.6.1.jar:/home/zohair/.m2/repository/org/glassfish/hk2/hk2-api/2.6.1/hk2-api-2.6.1.jar:/home/zohair/.m2/repository/org/glassfish/hk2/hk2-utils/2.6.1/hk2-utils-2.6.1.jar:/home/zohair/.m2/repository/org/javassist/javassist/3.25.0-GA/javassist-3.25.0-GA.jar:/home/zohair/.m2/repository/org/glassfish/jersey/core/jersey-common/2.33/jersey-common-2.33.jar:/home/zohair/.m2/repository/jakarta/annotation/jakarta.annotation-api/1.3.5/jakarta.annotation-api-1.3.5.jar:/home/zohair/.m2/repository/org/glassfish/hk2/osgi-resource-locator/1.0.3/osgi-resource-locator-1.0.3.jar:/home/zohair/.m2/repository/org/glassfish/jersey/media/jersey-media-multipart/2.33/jersey-media-multipart-2.33.jar:/home/zohair/.m2/repository/org/jvnet/mimepull/mimepull/1.9.13/mimepull-1.9.13.jar:/home/zohair/.m2/repository/org/apache/nifi/nifi-expression-language/1.15.0/nifi-expression-language-1.15.0.jar:/home/zohair/.m2/repository/org/antlr/antlr-runtime/3.5.2/antlr-runtime-3.5.2.jar:/home/zohair/.m2/repository/org/apache/nifi/nifi-uuid5/1.15.0/nifi-uuid5-1.15.0.jar:/home/zohair/.m2/repository/com/jayway/jsonpath/json-path/2.6.0/json-path-2.6.0.jar:/home/zohair/.m2/repository/net/minidev/json-smart/2.4.7/json-smart-2.4.7.jar:/home/zohair/.m2/repository/net/minidev/accessors-smart/2.4.7/accessors-smart-2.4.7.jar:/home/zohair/.m2/repository/org/ow2/asm/asm/9.1/asm-9.1.jar:/home/zohair/.m2/repository/com/fasterxml/jackson/core/jackson-databind/2.12.3/jackson-databind-2.12.3.jar:/home/zohair/.m2/repository/com/fasterxml/jackson/core/jackson-annotations/2.12.3/jackson-annotations-2.12.3.jar:/home/zohair/.m2/repository/com/fasterxml/jackson/core/jackson-core/2.12.3/jackson-core-2.12.3.jar:/home/zohair/.m2/repository/org/apache/commons/commons-text/1.8/commons-text-1.8.jar:/home/zohair/.m2/repository/commons-codec/commons-codec/1.14/commons-codec-1.14.jar:/home/zohair/.m2/repository/org/apache/nifi/nifi-data-provenance-utils/1.15.0/nifi-data-provenance-utils-1.15.0.jar:/home/zohair/.m2/repository/org/slf4j/slf4j-simple/1.7.32/slf4j-simple-1.7.32.jar:/home/zohair/.m2/repository/org/slf4j/slf4j-api/1.7.32/slf4j-api-1.7.32.jar:/home/zohair/.m2/repository/junit/junit/4.13.2/junit-4.13.2.jar:/home/zohair/.m2/repository/org/hamcrest/hamcrest-core/1.3/hamcrest-core-1.3.jar:/home/zohair/.m2/repository/org/junit/jupiter/junit-jupiter-api/5.7.2/junit-jupiter-api-5.7.2.jar:/home/zohair/.m2/repository/org/apiguardian/apiguardian-api/1.1.0/apiguardian-api-1.1.0.jar:/home/zohair/.m2/repository/org/opentest4j/opentest4j/1.2.0/opentest4j-1.2.0.jar:/home/zohair/.m2/repository/org/junit/platform/junit-platform-commons/1.7.2/junit-platform-commons-1.7.2.jar:/home/zohair/.m2/repository/org/junit/jupiter/junit-jupiter-engine/5.7.2/junit-jupiter-engine-5.7.2.jar:/home/zohair/.m2/repository/org/junit/platform/junit-platform-engine/1.7.2/junit-platform-engine-1.7.2.jar:/home/zohair/.m2/repository/org/junit/vintage/junit-vintage-engine/5.7.2/junit-vintage-engine-5.7.2.jar:/home/zohair/.m2/repository/org/mockito/mockito-core/3.11.2/mockito-core-3.11.2.jar:/home/zohair/.m2/repository/net/bytebuddy/byte-buddy/1.11.3/byte-buddy-1.11.3.jar:/home/zohair/.m2/repository/net/bytebuddy/byte-buddy-agent/1.11.3/byte-buddy-agent-1.11.3.jar:/home/zohair/.m2/repository/org/objenesis/objenesis/3.2/objenesis-3.2.jar:/home/zohair/.m2/repository/org/mockito/mockito-junit-jupiter/3.11.2/mockito-junit-jupiter-3.11.2.jar:/home/zohair/.m2/repository/org/codehaus/groovy/groovy-test/2.5.14/groovy-test-2.5.14.jar:/home/zohair/.m2/repository/org/codehaus/groovy/groovy/2.5.14/groovy-2.5.14.jar:"/>
    <property name="sun.cpu.endian" value="little"/>
    <property name="user.home" value="/home/zohair"/>
    <property name="user.language" value="en"/>
    <property name="java.specification.vendor" value="Oracle Corporation"/>
    <property name="java.home" value="/usr/lib/jvm/java-8-openjdk-amd64/jre"/>
    <property name="basedir" value="/mnt/f/my_proccessor/nifi_saifty_lake/nifi-saiftylake-processors"/>
    <property name="file.separator" value="/"/>
    <property name="line.separator" value="&#10;"/>
    <property name="java.vm.specification.vendor" value="Oracle Corporation"/>
    <property name="java.specification.name" value="Java Platform API Specification"/>
    <property name="java.awt.graphicsenv" value="sun.awt.X11GraphicsEnvironment"/>
    <property name="java.awt.headless" value="true"/>
    <property name="surefire.real.class.path" value="/mnt/f/my_proccessor/nifi_saifty_lake/nifi-saiftylake-processors/target/surefire/surefirebooter5049869858894646689.jar"/>
    <property name="sun.boot.class.path" value="/usr/lib/jvm/java-8-openjdk-amd64/jre/lib/resources.jar:/usr/lib/jvm/java-8-openjdk-amd64/jre/lib/rt.jar:/usr/lib/jvm/java-8-openjdk-amd64/jre/lib/sunrsasign.jar:/usr/lib/jvm/java-8-openjdk-amd64/jre/lib/jsse.jar:/usr/lib/jvm/java-8-openjdk-amd64/jre/lib/jce.jar:/usr/lib/jvm/java-8-openjdk-amd64/jre/lib/charsets.jar:/usr/lib/jvm/java-8-openjdk-amd64/jre/lib/jfr.jar:/usr/lib/jvm/java-8-openjdk-amd64/jre/classes"/>
    <property name="sun.management.compiler" value="HotSpot 64-Bit Tiered Compilers"/>
    <property name="java.runtime.version" value="1.8.0_275-8u275-b01-0ubuntu1~18.04-b01"/>
    <property name="java.net.preferIPv4Stack" value="true"/>
    <property name="user.name" value="zohair"/>
    <property name="path.separator" value=":"/>
    <property name="os.version" value="4.4.0-19041-Microsoft"/>
    <property name="java.endorsed.dirs" value="/usr/lib/jvm/java-8-openjdk-amd64/jre/lib/endorsed"/>
    <property name="java.runtime.name" value="OpenJDK Runtime Environment"/>
    <property name="file.encoding" value="UTF-8"/>
    <property name="java.vm.name" value="OpenJDK 64-Bit Server VM"/>
    <property name="localRepository" value="/home/zohair/.m2/repository"/>
    <property name="java.vendor.url.bug" value="http://bugreport.sun.com/bugreport/"/>
    <property name="java.io.tmpdir" value="/tmp"/>
    <property name="java.version" value="1.8.0_275"/>
    <property name="user.dir" value="/mnt/f/my_proccessor/nifi_saifty_lake/nifi-saiftylake-processors"/>
    <property name="os.arch" value="amd64"/>
    <property name="java.vm.specification.name" value="Java Virtual Machine Specification"/>
    <property name="java.awt.printerjob" value="sun.print.PSPrinterJob"/>
    <property name="sun.os.patch.level" value="unknown"/>
    <property name="java.library.path" value="/usr/java/packages/lib/amd64:/usr/lib/x86_64-linux-gnu/jni:/lib/x86_64-linux-gnu:/usr/lib/x86_64-linux-gnu:/usr/lib/jni:/lib:/usr/lib"/>
    <property name="java.vm.info" value="mixed mode"/>
    <property name="java.vendor" value="Private Build"/>
    <property name="java.vm.version" value="25.275-b01"/>
    <property name="java.ext.dirs" value="/usr/lib/jvm/java-8-openjdk-amd64/jre/lib/ext:/usr/java/packages/lib/ext"/>
    <property name="sun.io.unicode.encoding" value="UnicodeLittle"/>
    <property name="java.class.version" value="52.0"/>
  </properties>
  <testcase name="testProcessor" classname="org.apache.nifi.processors.saiftylake.MyProcessorTest" time="0.145"/>
</testsuite>