<?xml version="1.0" encoding="UTF-8"?>
<testsuite xmlns:xsi="http://www.w3.org/2001/XMLSchema-instance" xsi:noNamespaceSchemaLocation="https://maven.apache.org/surefire/maven-surefire-plugin/xsd/surefire-test-report-3.0.xsd" version="3.0" name="org.apache.nifi.processors.saiftylake.MyProcessorTest" time="0.478" tests="1" errors="0" skipped="0" failures="0">
  <properties>
    <property name="awt.toolkit" value="sun.awt.X11.XToolkit"/>
    <property name="file.encoding.pkg" value="sun.io"/>
    <property name="java.specification.version" value="1.8"/>
    <property name="sun.cpu.isalist" value=""/>
    <property name="sun.jnu.encoding" value="UTF-8"/>
    <property name="java.class.path" value="/mnt/f/my_proccessor/nifi_saifty_lake/nifi-saiftylake-processors/target/test-classes:/mnt/f/my_proccessor/nifi_saifty_lake/nifi-saiftylake-processors/target/classes:/home/zohair/.m2/repository/org/apache/nifi/nifi-api/1.15.0/nifi-api-1.15.0.jar:/home/zohair/.m2/repository/org/apache/nifi/nifi-utils/1.15.0/nifi-utils-1.15.0.jar:/home/zohair/.m2/repository/org/apache/nifi/nifi-mock/1.15.0/nifi-mock-1.15.0.jar:/home/zohair/.m2/repository/org/apache/nifi/nifi-framework-api/1.15.0/nifi-framework-api-1.15.0.jar:/home/zohair/.m2/repository/org/apache/nifi/nifi-parameter/1.15.0/nifi-parameter-1.15.0.jar:/home/zohair/.m2/repository/org/apache/nifi/nifi-framework-core-api/1.15.0/nifi-framework-core-api-1.15.0.jar:/home/zohair/.m2/repository/org/apache/nifi/nifi-framework-nar-utils/1.15.0/nifi-framework-nar-utils-1.15.0.jar:/home/zohair/.m2/repository/org/apache/nifi/nifi-client-dto/1.15.0/nifi-client-dto-1.15.0.jar:/home/zohair/.m2/repository/io/swagger/swagger-annotations/1.6.0/swagger-annotations-1.6.0.jar:/home/zohair/.m2/repository/org/apache/nifi/nifi-site-to-site-client/1.15.0/nifi-site-to-site-client-1.15.0.jar:/home/zohair/.m2/repository/org/apache/nifi/nifi-security-utils/1.15.0/nifi-security-utils-1.15.0.jar:/home/zohair/.m2/repository/org/apache/nifi/nifi-security-utils-api/1.15.0/nifi-security-utils-api-1.15.0.jar:/home/zohair/.m2/repository/org/apache/nifi/nifi-security-kms/1.15.0/nifi-security-kms-1.15.0.jar:/home/zohair/.m2/repository/org/bouncycastle/bcprov-jdk15on/1.69/bcprov-jdk15on-1.69.jar:/home/zohair/.m2/repository/org/bouncycastle/bcpkix-jdk15on/1.69/bcpkix-jdk15on-1.69.jar:/home/zohair/.m2/repository/org/bouncycastle/bcutil-jdk15on/1.69/bcutil-jdk15on-1.69.jar:/home/zohair/.m2/repository/org/apache/nifi/nifi-properties/1.15.0/nifi-properties-1.15.0.jar:/home/zohair/.m2/repository/org/apache/nifi/nifi-property-utils/1.15.0/nifi-property-utils-1.15.0.jar:/home/zohair/.m2/repository/at/favre/lib/bcrypt/0.9.0/bcrypt-0.9.0.jar:/home/zohair/.m2/repository/at/favre/lib/bytes/1.3.0/bytes-1.3.0.jar:/home/zohair/.m2/repository/org/apache/httpcomponents/httpasyncclient/4.1.4/httpasyncclient-4.1.4.jar:/home/zohair/.m2/repository/org/apache/httpcomponents/httpcore-nio/4.4.10/httpcore-nio-4.4.10.jar:/home/zohair/.m2/repository/org/apache/commons/commons-lang3/3.9/commons-lang3-3.9.jar:/home/zohair/.m2/repository/org/apache/nifi/nifi-framework-authorization/1.15.0/nifi-framework-authorization-1.15.0.jar:/home/zohair/.m2/repository/org/apache/nifi/registry/nifi-registry-data-model/1.15.0/nifi-registry-data-model-1.15.0.jar:/home/zohair/.m2/repository/javax/validation/validation-api/2.0.1.Final/validation-api-2.0.1.Final.jar:/home/zohair/.m2/repository/javax/ws/rs/javax.ws.rs-api/2.1/javax.ws.rs-api-2.1.jar:/home/zohair/.m2/repository/org/apache/nifi/registry/nifi-registry-revision-entity-model/1.15.0/nifi-registry-revision-entity-model-1.15.0.jar:/home/zohair/.m2/repository/org/apache/nifi/registry/nifi-registry-client/1.15.0/nifi-registry-client-1.15.0.jar:/home/zohair/.m2/repository/org/apache/nifi/registry/nifi-registry-security-utils/1.15.0/nifi-registry-security-utils-1.15.0.jar:/home/zohair/.m2/repository/org/glassfish/jersey/core/jersey-client/2.33/jersey-client-2.33.jar:/home/zohair/.m2/repository/jakarta/ws/rs/jakarta.ws.rs-api/2.1.6/jakarta.ws.rs-api-2.1.6.jar:/home/zohair/.m2/repository/org/glassfish/hk2/external/jakarta.inject/2.6.1/jakarta.inject-2.6.1.jar:/home/zohair/.m2/repository/org/glassfish/jersey/media/jersey-media-json-jackson/2.33/jersey-media-json-jackson-2.33.jar:/home/zohair/.m2/repository/org/glassfish/jersey/ext/jersey-entity-filtering/2.33/jersey-entity-filtering-2.33.jar:/home/zohair/.m2/repository/com/fasterxml/jackson/module/jackson-module-jaxb-annotations/2.11.3/jackson-module-jaxb-annotations-2.11.3.jar:/home/zohair/.m2/repository/jakarta/xml/bind/jakarta.xml.bind-api/2.3.2/jakarta.xml.bind-api-2.3.2.jar:/home/zohair/.m2/repository/jakarta/activation/jakarta.activation-api/1.2.1/jakarta.activation-api-1.2.1.jar:/home/zohair/.m2/repository/org/glassfish/jersey/inject/jersey-hk2/2.33/jersey-hk2-2.33.jar:/home/zohair/.m2/repository/org/glassfish/hk2/hk2-locator/2.6.1/hk2-locator-2.6.1.jar:/home/zohair/.m2/repository/org/glassfish/hk2/external/aopalliance-repackaged/2.6.1/aopalliance-repackaged-2.6.1.jar:/home/zohair/.m2/repository/org/glassfish/hk2/hk2-api/2.6.1/hk2-api-2.6.1.jar:/home/zohair/.m2/repository/org/glassfish/hk2/hk2-utils/2.6.1/hk2-utils-2.6.1.jar:/home/zohair/.m2/repository/org/javassist/javassist/3.25.0-GA/javassist-3.25.0-GA.jar:/home/zohair/.m2/repository/org/glassfish/jersey/core/jersey-common/2.33/jersey-common-2.33.jar:/home/zohair/.m2/repository/jakarta/annotation/jakarta.annotation-api/1.3.5/jakarta.annotation-api-1.3.5.jar:/home/zohair/.m2/repository/org/glassfish/hk2/osgi-resource-locator/1.0.3/osgi-resource-locator-1.0.3.jar:/home/zohair/.m2/repository/org/glassfish/jersey/media/jersey-media-multipart/2.33/jersey-media-multipart-2.33.jar:/home/zohair/.m2/repository/org/jvnet/mimepull/mimepull/1.9.13/mimepull-1.9.13.jar:/home/zohair/.m2/repository/org/apache/nifi/nifi-expression-language/1.15.0/nifi-expression-language-1.15.0.jar:/home/zohair/.m2/repository/org/antlr/antlr-runtime/3.5.2/antlr-runtime-3.5.2.jar:/home/zohair/.m2/repository/org/apache/nifi/nifi-uuid5/1.15.0/nifi-uuid5-1.15.0.jar:/home/zohair/.m2/repository/com/jayway/jsonpath/json-path/2.6.0/json-path-2.6.0.jar:/home/zohair/.m2/repository/net/minidev/json-smart/2.4.7/json-smart-2.4.7.jar:/home/zohair/.m2/repository/net/minidev/accessors-smart/2.4.7/accessors-smart-2.4.7.jar:/home/zohair/.m2/repository/org/ow2/asm/asm/9.1/asm-9.1.jar:/home/zohair/.m2/repository/com/fasterxml/jackson/core/jackson-databind/2.12.3/jackson-databind-2.12.3.jar:/home/zohair/.m2/repository/com/fasterxml/jackson/core/jackson-annotations/2.12.3/jackson-annotations-2.12.3.jar:/home/zohair/.m2/repository/com/fasterxml/jackson/core/jackson-core/2.12.3/jackson-core-2.12.3.jar:/home/zohair/.m2/repository/org/apache/commons/commons-text/1.8/commons-text-1.8.jar:/home/zohair/.m2/repository/commons-codec/commons-codec/1.14/commons-codec-1.14.jar:/home/zohair/.m2/repository/org/apache/nifi/nifi-data-provenance-utils/1.15.0/nifi-data-provenance-utils-1.15.0.jar:/home/zohair/.m2/repository/org/slf4j/slf4j-simple/1.7.32/slf4j-simple-1.7.32.jar:/home/zohair/.m2/repository/org/slf4j/slf4j-api/1.7.32/slf4j-api-1.7.32.jar:/home/zohair/.m2/repository/junit/junit/4.13.2/junit-4.13.2.jar:/home/zohair/.m2/repository/org/hamcrest/hamcrest-core/1.3/hamcrest-core-1.3.jar:/mnt/f/my_proccessor/nifi_saifty_lake/saifty_lake/target/saifty_lake-1.0-SNAPSHOT.jar:/home/zohair/.m2/repository/org/apache/logging/log4j/log4j-core/2.16.0/log4j-core-2.16.0.jar:/home/zohair/.m2/repository/org/apache/logging/log4j/log4j-api/2.16.0/log4j-api-2.16.0.jar:/home/zohair/.m2/repository/org/glassfish/javax.el/3.0.1-b08/javax.el-3.0.1-b08.jar:/home/zohair/.m2/repository/org/apache/hadoop/hadoop-client/3.3.0/hadoop-client-3.3.0.jar:/home/zohair/.m2/repository/org/apache/hadoop/hadoop-common/3.3.0/hadoop-common-3.3.0.jar:/home/zohair/.m2/repository/org/apache/hadoop/thirdparty/hadoop-shaded-protobuf_3_7/1.0.0/hadoop-shaded-protobuf_3_7-1.0.0.jar:/home/zohair/.m2/repository/com/google/guava/guava/27.0-jre/guava-27.0-jre.jar:/home/zohair/.m2/repository/com/google/guava/failureaccess/1.0/failureaccess-1.0.jar:/home/zohair/.m2/repository/com/google/guava/listenablefuture/9999.0-empty-to-avoid-conflict-with-guava/listenablefuture-9999.0-empty-to-avoid-conflict-with-guava.jar:/home/zohair/.m2/repository/org/checkerframework/checker-qual/2.5.2/checker-qual-2.5.2.jar:/home/zohair/.m2/repository/com/google/j2objc/j2objc-annotations/1.1/j2objc-annotations-1.1.jar:/home/zohair/.m2/repository/org/codehaus/mojo/animal-sniffer-annotations/1.17/animal-sniffer-annotations-1.17.jar:/home/zohair/.m2/repository/commons-cli/commons-cli/1.2/commons-cli-1.2.jar:/home/zohair/.m2/repository/org/apache/commons/commons-math3/3.1.1/commons-math3-3.1.1.jar:/home/zohair/.m2/repository/commons-io/commons-io/2.5/commons-io-2.5.jar:/home/zohair/.m2/repository/commons-net/commons-net/3.6/commons-net-3.6.jar:/home/zohair/.m2/repository/commons-collections/commons-collections/3.2.2/commons-collections-3.2.2.jar:/home/zohair/.m2/repository/javax/activation/javax.activation-api/1.2.0/javax.activation-api-1.2.0.jar:/home/zohair/.m2/repository/org/eclipse/jetty/jetty-servlet/9.4.44.v20210927/jetty-servlet-9.4.44.v20210927.jar:/home/zohair/.m2/repository/org/eclipse/jetty/jetty-security/9.4.44.v20210927/jetty-security-9.4.44.v20210927.jar:/home/zohair/.m2/repository/org/eclipse/jetty/jetty-util-ajax/9.4.44.v20210927/jetty-util-ajax-9.4.44.v20210927.jar:/home/zohair/.m2/repository/org/eclipse/jetty/jetty-webapp/9.4.44.v20210927/jetty-webapp-9.4.44.v20210927.jar:/home/zohair/.m2/repository/org/eclipse/jetty/jetty-xml/9.4.44.v20210927/jetty-xml-9.4.44.v20210927.jar:/home/zohair/.m2/repository/javax/servlet/jsp/jsp-api/2.1/jsp-api-2.1.jar:/home/zohair/.m2/repository/com/sun/jersey/jersey-servlet/1.19/jersey-servlet-1.19.jar:/home/zohair/.m2/repository/commons-logging/commons-logging/1.1.3/commons-logging-1.1.3.jar:/home/zohair/.m2/repository/commons-beanutils/commons-beanutils/1.9.4/commons-beanutils-1.9.4.jar:/home/zohair/.m2/repository/org/apache/commons/commons-configuration2/2.1.1/commons-configuration2-2.1.1.jar:/home/zohair/.m2/repository/org/apache/avro/avro/1.7.7/avro-1.7.7.jar:/home/zohair/.m2/repository/org/codehaus/jackson/jackson-core-asl/1.9.13/jackson-core-asl-1.9.13.jar:/home/zohair/.m2/repository/org/codehaus/jackson/jackson-mapper-asl/1.9.13/jackson-mapper-asl-1.9.13.jar:/home/zohair/.m2/repository/com/thoughtworks/paranamer/paranamer/2.3/paranamer-2.3.jar:/home/zohair/.m2/repository/org/xerial/snappy/snappy-java/1.0.5/snappy-java-1.0.5.jar:/home/zohair/.m2/repository/com/google/re2j/re2j/1.1/re2j-1.1.jar:/home/zohair/.m2/repository/com/google/protobuf/protobuf-java/2.5.0/protobuf-java-2.5.0.jar:/home/zohair/.m2/repository/com/google/code/gson/gson/2.2.4/gson-2.2.4.jar:/home/zohair/.m2/repository/org/apache/hadoop/hadoop-auth/3.3.0/hadoop-auth-3.3.0.jar:/home/zohair/.m2/repository/com/nimbusds/nimbus-jose-jwt/7.9/nimbus-jose-jwt-7.9.jar:/home/zohair/.m2/repository/com/github/stephenc/jcip/jcip-annotations/1.0-1/jcip-annotations-1.0-1.jar:/home/zohair/.m2/repository/org/apache/kerby/kerb-simplekdc/1.0.1/kerb-simplekdc-1.0.1.jar:/home/zohair/.m2/repository/org/apache/kerby/kerb-client/1.0.1/kerb-client-1.0.1.jar:/home/zohair/.m2/repository/org/apache/kerby/kerby-config/1.0.1/kerby-config-1.0.1.jar:/home/zohair/.m2/repository/org/apache/kerby/kerb-common/1.0.1/kerb-common-1.0.1.jar:/home/zohair/.m2/repository/org/apache/kerby/kerb-crypto/1.0.1/kerb-crypto-1.0.1.jar:/home/zohair/.m2/repository/org/apache/kerby/kerb-util/1.0.1/kerb-util-1.0.1.jar:/home/zohair/.m2/repository/org/apache/kerby/token-provider/1.0.1/token-provider-1.0.1.jar:/home/zohair/.m2/repository/org/apache/kerby/kerb-admin/1.0.1/kerb-admin-1.0.1.jar:/home/zohair/.m2/repository/org/apache/kerby/kerb-server/1.0.1/kerb-server-1.0.1.jar:/home/zohair/.m2/repository/org/apache/kerby/kerb-identity/1.0.1/kerb-identity-1.0.1.jar:/home/zohair/.m2/repository/org/apache/kerby/kerby-xdr/1.0.1/kerby-xdr-1.0.1.jar:/home/zohair/.m2/repository/org/apache/curator/curator-client/4.2.0/curator-client-4.2.0.jar:/home/zohair/.m2/repository/org/apache/curator/curator-recipes/4.2.0/curator-recipes-4.2.0.jar:/home/zohair/.m2/repository/com/google/code/findbugs/jsr305/3.0.2/jsr305-3.0.2.jar:/home/zohair/.m2/repository/org/apache/htrace/htrace-core4/4.1.0-incubating/htrace-core4-4.1.0-incubating.jar:/home/zohair/.m2/repository/org/apache/commons/commons-compress/1.19/commons-compress-1.19.jar:/home/zohair/.m2/repository/org/apache/kerby/kerb-core/1.0.1/kerb-core-1.0.1.jar:/home/zohair/.m2/repository/org/apache/kerby/kerby-pkix/1.0.1/kerby-pkix-1.0.1.jar:/home/zohair/.m2/repository/org/apache/kerby/kerby-asn1/1.0.1/kerby-asn1-1.0.1.jar:/home/zohair/.m2/repository/org/apache/kerby/kerby-util/1.0.1/kerby-util-1.0.1.jar:/home/zohair/.m2/repository/org/codehaus/woodstox/stax2-api/3.1.4/stax2-api-3.1.4.jar:/home/zohair/.m2/repository/com/fasterxml/woodstox/woodstox-core/5.0.3/woodstox-core-5.0.3.jar:/home/zohair/.m2/repository/dnsjava/dnsjava/2.1.7/dnsjava-2.1.7.jar:/home/zohair/.m2/repository/org/apache/hadoop/hadoop-hdfs-client/3.3.0/hadoop-hdfs-client-3.3.0.jar:/home/zohair/.m2/repository/com/squareup/okhttp/okhttp/2.7.5/okhttp-2.7.5.jar:/home/zohair/.m2/repository/com/squareup/okio/okio/1.6.0/okio-1.6.0.jar:/home/zohair/.m2/repository/org/apache/hadoop/hadoop-yarn-api/3.3.0/hadoop-yarn-api-3.3.0.jar:/home/zohair/.m2/repository/javax/xml/bind/jaxb-api/2.2.11/jaxb-api-2.2.11.jar:/home/zohair/.m2/repository/org/apache/hadoop/hadoop-yarn-client/3.3.0/hadoop-yarn-client-3.3.0.jar:/home/zohair/.m2/repository/org/eclipse/jetty/websocket/websocket-client/9.4.44.v20210927/websocket-client-9.4.44.v20210927.jar:/home/zohair/.m2/repository/org/eclipse/jetty/jetty-client/9.4.44.v20210927/jetty-client-9.4.44.v20210927.jar:/home/zohair/.m2/repository/org/eclipse/jetty/jetty-util/9.4.44.v20210927/jetty-util-9.4.44.v20210927.jar:/home/zohair/.m2/repository/org/eclipse/jetty/jetty-io/9.4.44.v20210927/jetty-io-9.4.44.v20210927.jar:/home/zohair/.m2/repository/org/eclipse/jetty/websocket/websocket-common/9.4.44.v20210927/websocket-common-9.4.44.v20210927.jar:/home/zohair/.m2/repository/org/eclipse/jetty/websocket/websocket-api/9.4.44.v20210927/websocket-api-9.4.44.v20210927.jar:/home/zohair/.m2/repository/org/jline/jline/3.9.0/jline-3.9.0.jar:/home/zohair/.m2/repository/org/apache/hadoop/hadoop-mapreduce-client-core/3.3.0/hadoop-mapreduce-client-core-3.3.0.jar:/home/zohair/.m2/repository/org/apache/hadoop/hadoop-yarn-common/3.3.0/hadoop-yarn-common-3.3.0.jar:/home/zohair/.m2/repository/com/sun/jersey/jersey-core/1.19/jersey-core-1.19.jar:/home/zohair/.m2/repository/javax/ws/rs/jsr311-api/1.1.1/jsr311-api-1.1.1.jar:/home/zohair/.m2/repository/com/sun/jersey/jersey-client/1.19/jersey-client-1.19.jar:/home/zohair/.m2/repository/com/fasterxml/jackson/jaxrs/jackson-jaxrs-json-provider/2.10.3/jackson-jaxrs-json-provider-2.10.3.jar:/home/zohair/.m2/repository/com/fasterxml/jackson/jaxrs/jackson-jaxrs-base/2.10.3/jackson-jaxrs-base-2.10.3.jar:/home/zohair/.m2/repository/org/apache/hadoop/hadoop-mapreduce-client-jobclient/3.3.0/hadoop-mapreduce-client-jobclient-3.3.0.jar:/home/zohair/.m2/repository/org/apache/hadoop/hadoop-mapreduce-client-common/3.3.0/hadoop-mapreduce-client-common-3.3.0.jar:/home/zohair/.m2/repository/org/apache/hadoop/hadoop-annotations/3.3.0/hadoop-annotations-3.3.0.jar:/home/zohair/.m2/repository/org/apache/hive/hive-jdbc/3.1.2/hive-jdbc-3.1.2.jar:/home/zohair/.m2/repository/org/apache/hive/hive-common/3.1.2/hive-common-3.1.2.jar:/home/zohair/.m2/repository/org/apache/hive/hive-classification/3.1.2/hive-classification-3.1.2.jar:/home/zohair/.m2/repository/org/apache/hive/hive-storage-api/2.7.0/hive-storage-api-2.7.0.jar:/home/zohair/.m2/repository/commons-lang/commons-lang/2.6/commons-lang-2.6.jar:/home/zohair/.m2/repository/org/apache/orc/orc-core/1.5.6/orc-core-1.5.6.jar:/home/zohair/.m2/repository/org/apache/orc/orc-shims/1.5.6/orc-shims-1.5.6.jar:/home/zohair/.m2/repository/io/airlift/aircompressor/0.10/aircompressor-0.10.jar:/home/zohair/.m2/repository/org/apache/hadoop/hadoop-hdfs/2.2.0/hadoop-hdfs-2.2.0.jar:/home/zohair/.m2/repository/com/sun/jersey/jersey-server/1.9/jersey-server-1.9.jar:/home/zohair/.m2/repository/asm/asm/3.1/asm-3.1.jar:/home/zohair/.m2/repository/xmlenc/xmlenc/0.52/xmlenc-0.52.jar:/home/zohair/.m2/repository/jline/jline/2.12/jline-2.12.jar:/home/zohair/.m2/repository/javax/servlet/javax.servlet-api/3.1.0/javax.servlet-api-3.1.0.jar:/home/zohair/.m2/repository/org/eclipse/jetty/jetty-http/9.4.44.v20210927/jetty-http-9.4.44.v20210927.jar:/home/zohair/.m2/repository/org/eclipse/jetty/jetty-rewrite/9.4.44.v20210927/jetty-rewrite-9.4.44.v20210927.jar:/home/zohair/.m2/repository/org/eclipse/jetty/jetty-server/9.4.44.v20210927/jetty-server-9.4.44.v20210927.jar:/home/zohair/.m2/repository/joda-time/joda-time/2.9.9/joda-time-2.9.9.jar:/home/zohair/.m2/repository/org/apache/logging/log4j/log4j-1.2-api/2.10.0/log4j-1.2-api-2.10.0.jar:/home/zohair/.m2/repository/org/apache/logging/log4j/log4j-web/2.10.0/log4j-web-2.10.0.jar:/home/zohair/.m2/repository/org/apache/logging/log4j/log4j-slf4j-impl/2.10.0/log4j-slf4j-impl-2.10.0.jar:/home/zohair/.m2/repository/org/apache/ant/ant/1.9.1/ant-1.9.1.jar:/home/zohair/.m2/repository/org/apache/ant/ant-launcher/1.9.1/ant-launcher-1.9.1.jar:/home/zohair/.m2/repository/net/sf/jpam/jpam/1.1/jpam-1.1.jar:/home/zohair/.m2/repository/com/tdunning/json/1.8/json-1.8.jar:/home/zohair/.m2/repository/io/dropwizard/metrics/metrics-core/3.1.0/metrics-core-3.1.0.jar:/home/zohair/.m2/repository/io/dropwizard/metrics/metrics-jvm/3.1.0/metrics-jvm-3.1.0.jar:/home/zohair/.m2/repository/io/dropwizard/metrics/metrics-json/3.1.0/metrics-json-3.1.0.jar:/home/zohair/.m2/repository/com/github/joshelser/dropwizard-metrics-hadoop-metrics2-reporter/0.1.2/dropwizard-metrics-hadoop-metrics2-reporter-0.1.2.jar:/home/zohair/.m2/repository/javolution/javolution/5.5.1/javolution-5.5.1.jar:/home/zohair/.m2/repository/org/apache/hive/hive-service/3.1.2/hive-service-3.1.2.jar:/home/zohair/.m2/repository/org/apache/hive/hive-llap-server/3.1.2/hive-llap-server-3.1.2.jar:/home/zohair/.m2/repository/org/apache/hive/hive-llap-common/3.1.2/hive-llap-common-3.1.2.jar:/home/zohair/.m2/repository/org/apache/hive/hive-llap-client/3.1.2/hive-llap-client-3.1.2.jar:/home/zohair/.m2/repository/org/apache/hive/hive-llap-tez/3.1.2/hive-llap-tez-3.1.2.jar:/home/zohair/.m2/repository/io/netty/netty-all/4.1.17.Final/netty-all-4.1.17.Final.jar:/home/zohair/.m2/repository/org/codehaus/jettison/jettison/1.1/jettison-1.1.jar:/home/zohair/.m2/repository/org/apache/hive/hive-llap-common/3.1.2/hive-llap-common-3.1.2-tests.jar:/home/zohair/.m2/repository/org/apache/hbase/hbase-hadoop2-compat/2.0.0-alpha4/hbase-hadoop2-compat-2.0.0-alpha4.jar:/home/zohair/.m2/repository/org/apache/hbase/hbase-metrics/2.0.0-alpha4/hbase-metrics-2.0.0-alpha4.jar:/home/zohair/.m2/repository/org/apache/hbase/hbase-metrics-api/2.0.0-alpha4/hbase-metrics-api-2.0.0-alpha4.jar:/home/zohair/.m2/repository/org/apache/hbase/hbase-server/2.0.0-alpha4/hbase-server-2.0.0-alpha4.jar:/home/zohair/.m2/repository/org/apache/hbase/hbase-http/2.0.0-alpha4/hbase-http-2.0.0-alpha4.jar:/home/zohair/.m2/repository/org/glassfish/jersey/core/jersey-server/2.25.1/jersey-server-2.25.1.jar:/home/zohair/.m2/repository/org/glassfish/jersey/media/jersey-media-jaxb/2.25.1/jersey-media-jaxb-2.25.1.jar:/home/zohair/.m2/repository/org/glassfish/hk2/external/javax.inject/2.5.0-b32/javax.inject-2.5.0-b32.jar:/home/zohair/.m2/repository/org/glassfish/jersey/containers/jersey-container-servlet-core/2.25.1/jersey-container-servlet-core-2.25.1.jar:/home/zohair/.m2/repository/org/apache/hbase/hbase-procedure/2.0.0-alpha4/hbase-procedure-2.0.0-alpha4.jar:/home/zohair/.m2/repository/org/apache/hbase/hbase-common/2.0.0-alpha4/hbase-common-2.0.0-alpha4-tests.jar:/home/zohair/.m2/repository/org/apache/hbase/hbase-replication/2.0.0-alpha4/hbase-replication-2.0.0-alpha4.jar:/home/zohair/.m2/repository/org/apache/hbase/hbase-prefix-tree/2.0.0-alpha4/hbase-prefix-tree-2.0.0-alpha4.jar:/home/zohair/.m2/repository/org/apache/commons/commons-collections4/4.1/commons-collections4-4.1.jar:/home/zohair/.m2/repository/org/glassfish/web/javax.servlet.jsp/2.3.2/javax.servlet.jsp-2.3.2.jar:/home/zohair/.m2/repository/com/lmax/disruptor/3.3.6/disruptor-3.3.6.jar:/home/zohair/.m2/repository/org/apache/hadoop/hadoop-distcp/2.7.1/hadoop-distcp-2.7.1.jar:/home/zohair/.m2/repository/org/apache/hbase/hbase-mapreduce/2.0.0-alpha4/hbase-mapreduce-2.0.0-alpha4.jar:/home/zohair/.m2/repository/org/apache/hbase/hbase-common/2.0.0-alpha4/hbase-common-2.0.0-alpha4.jar:/home/zohair/.m2/repository/com/github/stephenc/findbugs/findbugs-annotations/1.3.9-1/findbugs-annotations-1.3.9-1.jar:/home/zohair/.m2/repository/org/apache/hbase/hbase-hadoop-compat/2.0.0-alpha4/hbase-hadoop-compat-2.0.0-alpha4.jar:/home/zohair/.m2/repository/javax/servlet/jsp/javax.servlet.jsp-api/2.3.1/javax.servlet.jsp-api-2.3.1.jar:/home/zohair/.m2/repository/org/eclipse/jetty/jetty-runner/9.4.44.v20210927/jetty-runner-9.4.44.v20210927.jar:/home/zohair/.m2/repository/org/eclipse/jetty/jetty-plus/9.4.44.v20210927/jetty-plus-9.4.44.v20210927.jar:/home/zohair/.m2/repository/org/eclipse/jetty/jetty-annotations/9.4.44.v20210927/jetty-annotations-9.4.44.v20210927.jar:/home/zohair/.m2/repository/javax/annotation/javax.annotation-api/1.3.2/javax.annotation-api-1.3.2.jar:/home/zohair/.m2/repository/org/ow2/asm/asm-commons/9.2/asm-commons-9.2.jar:/home/zohair/.m2/repository/org/ow2/asm/asm-tree/9.2/asm-tree-9.2.jar:/home/zohair/.m2/repository/org/ow2/asm/asm-analysis/9.2/asm-analysis-9.2.jar:/home/zohair/.m2/repository/org/eclipse/jetty/jetty-jaas/9.4.44.v20210927/jetty-jaas-9.4.44.v20210927.jar:/home/zohair/.m2/repository/org/eclipse/jetty/websocket/websocket-server/9.4.44.v20210927/websocket-server-9.4.44.v20210927.jar:/home/zohair/.m2/repository/org/eclipse/jetty/websocket/websocket-servlet/9.4.44.v20210927/websocket-servlet-9.4.44.v20210927.jar:/home/zohair/.m2/repository/org/eclipse/jetty/jetty-jndi/9.4.44.v20210927/jetty-jndi-9.4.44.v20210927.jar:/home/zohair/.m2/repository/org/eclipse/jetty/apache-jsp/9.4.44.v20210927/apache-jsp-9.4.44.v20210927.jar:/home/zohair/.m2/repository/org/eclipse/jetty/toolchain/jetty-schemas/3.1/jetty-schemas-3.1.jar:/home/zohair/.m2/repository/org/eclipse/jetty/apache-jstl/9.4.44.v20210927/apache-jstl-9.4.44.v20210927.jar:/home/zohair/.m2/repository/org/apache/taglibs/taglibs-standard-spec/1.2.5/taglibs-standard-spec-1.2.5.jar:/home/zohair/.m2/repository/org/apache/taglibs/taglibs-standard-impl/1.2.5/taglibs-standard-impl-1.2.5.jar:/home/zohair/.m2/repository/org/apache/thrift/libfb303/0.9.3/libfb303-0.9.3.jar:/home/zohair/.m2/repository/org/jamon/jamon-runtime/2.3.1/jamon-runtime-2.3.1.jar:/home/zohair/.m2/repository/org/apache/hive/hive-serde/3.1.2/hive-serde-3.1.2.jar:/home/zohair/.m2/repository/org/apache/arrow/arrow-vector/0.8.0/arrow-vector-0.8.0.jar:/home/zohair/.m2/repository/org/apache/arrow/arrow-format/0.8.0/arrow-format-0.8.0.jar:/home/zohair/.m2/repository/org/apache/arrow/arrow-memory/0.8.0/arrow-memory-0.8.0.jar:/home/zohair/.m2/repository/io/netty/netty-buffer/4.1.17.Final/netty-buffer-4.1.17.Final.jar:/home/zohair/.m2/repository/io/netty/netty-common/4.1.17.Final/netty-common-4.1.17.Final.jar:/home/zohair/.m2/repository/com/carrotsearch/hppc/0.7.2/hppc-0.7.2.jar:/home/zohair/.m2/repository/com/vlkan/flatbuffers/1.2.0-3f79e055/flatbuffers-1.2.0-3f79e055.jar:/home/zohair/.m2/repository/net/sf/opencsv/opencsv/2.3/opencsv-2.3.jar:/home/zohair/.m2/repository/org/apache/parquet/parquet-hadoop-bundle/1.10.0/parquet-hadoop-bundle-1.10.0.jar:/home/zohair/.m2/repository/org/apache/hive/hive-metastore/3.1.2/hive-metastore-3.1.2.jar:/home/zohair/.m2/repository/org/apache/hive/hive-standalone-metastore/3.1.2/hive-standalone-metastore-3.1.2.jar:/home/zohair/.m2/repository/org/datanucleus/datanucleus-api-jdo/4.2.4/datanucleus-api-jdo-4.2.4.jar:/home/zohair/.m2/repository/org/datanucleus/datanucleus-core/4.1.17/datanucleus-core-4.1.17.jar:/home/zohair/.m2/repository/org/datanucleus/datanucleus-rdbms/4.1.19/datanucleus-rdbms-4.1.19.jar:/home/zohair/.m2/repository/org/datanucleus/javax.jdo/3.2.0-m3/javax.jdo-3.2.0-m3.jar:/home/zohair/.m2/repository/javax/transaction/transaction-api/1.1/transaction-api-1.1.jar:/home/zohair/.m2/repository/sqlline/sqlline/1.3.0/sqlline-1.3.0.jar:/home/zohair/.m2/repository/org/apache/hbase/hbase-client/2.0.0-alpha4/hbase-client-2.0.0-alpha4.jar:/home/zohair/.m2/repository/org/apache/hbase/thirdparty/hbase-shaded-protobuf/1.0.1/hbase-shaded-protobuf-1.0.1.jar:/home/zohair/.m2/repository/org/apache/hbase/hbase-protocol-shaded/2.0.0-alpha4/hbase-protocol-shaded-2.0.0-alpha4.jar:/home/zohair/.m2/repository/org/apache/hbase/hbase-protocol/2.0.0-alpha4/hbase-protocol-2.0.0-alpha4.jar:/home/zohair/.m2/repository/org/apache/hbase/thirdparty/hbase-shaded-miscellaneous/1.0.1/hbase-shaded-miscellaneous-1.0.1.jar:/home/zohair/.m2/repository/org/apache/hbase/thirdparty/hbase-shaded-netty/1.0.1/hbase-shaded-netty-1.0.1.jar:/home/zohair/.m2/repository/org/apache/htrace/htrace-core/3.2.0-incubating/htrace-core-3.2.0-incubating.jar:/home/zohair/.m2/repository/org/jruby/jcodings/jcodings/1.0.18/jcodings-1.0.18.jar:/home/zohair/.m2/repository/org/jruby/joni/joni/2.1.11/joni-2.1.11.jar:/home/zohair/.m2/repository/org/apache/commons/commons-crypto/1.0.0/commons-crypto-1.0.0.jar:/home/zohair/.m2/repository/org/apache/yetus/audience-annotations/0.5.0/audience-annotations-0.5.0.jar:/home/zohair/.m2/repository/com/jolbox/bonecp/0.8.0.RELEASE/bonecp-0.8.0.RELEASE.jar:/home/zohair/.m2/repository/com/zaxxer/HikariCP/2.6.1/HikariCP-2.6.1.jar:/home/zohair/.m2/repository/org/apache/derby/derby/10.14.1.0/derby-10.14.1.0.jar:/home/zohair/.m2/repository/commons-pool/commons-pool/1.5.4/commons-pool-1.5.4.jar:/home/zohair/.m2/repository/commons-dbcp/commons-dbcp/1.4/commons-dbcp-1.4.jar:/home/zohair/.m2/repository/javax/jdo/jdo-api/3.0.1/jdo-api-3.0.1.jar:/home/zohair/.m2/repository/javax/transaction/jta/1.1/jta-1.1.jar:/home/zohair/.m2/repository/co/cask/tephra/tephra-api/0.6.0/tephra-api-0.6.0.jar:/home/zohair/.m2/repository/co/cask/tephra/tephra-core/0.6.0/tephra-core-0.6.0.jar:/home/zohair/.m2/repository/com/google/inject/guice/3.0/guice-3.0.jar:/home/zohair/.m2/repository/javax/inject/javax.inject/1/javax.inject-1.jar:/home/zohair/.m2/repository/aopalliance/aopalliance/1.0/aopalliance-1.0.jar:/home/zohair/.m2/repository/com/google/inject/extensions/guice-assistedinject/3.0/guice-assistedinject-3.0.jar:/home/zohair/.m2/repository/it/unimi/dsi/fastutil/6.5.6/fastutil-6.5.6.jar:/home/zohair/.m2/repository/org/apache/twill/twill-common/0.6.0-incubating/twill-common-0.6.0-incubating.jar:/home/zohair/.m2/repository/org/apache/twill/twill-core/0.6.0-incubating/twill-core-0.6.0-incubating.jar:/home/zohair/.m2/repository/org/apache/twill/twill-api/0.6.0-incubating/twill-api-0.6.0-incubating.jar:/home/zohair/.m2/repository/org/apache/twill/twill-discovery-api/0.6.0-incubating/twill-discovery-api-0.6.0-incubating.jar:/home/zohair/.m2/repository/org/apache/twill/twill-discovery-core/0.6.0-incubating/twill-discovery-core-0.6.0-incubating.jar:/home/zohair/.m2/repository/org/apache/twill/twill-zookeeper/0.6.0-incubating/twill-zookeeper-0.6.0-incubating.jar:/home/zohair/.m2/repository/co/cask/tephra/tephra-hbase-compat-1.0/0.6.0/tephra-hbase-compat-1.0-0.6.0.jar:/home/zohair/.m2/repository/org/apache/hive/hive-shims/3.1.2/hive-shims-3.1.2.jar:/home/zohair/.m2/repository/org/apache/hive/shims/hive-shims-common/3.1.2/hive-shims-common-3.1.2.jar:/home/zohair/.m2/repository/org/apache/hive/shims/hive-shims-0.23/3.1.2/hive-shims-0.23-3.1.2.jar:/home/zohair/.m2/repository/org/apache/hadoop/hadoop-yarn-server-resourcemanager/3.1.0/hadoop-yarn-server-resourcemanager-3.1.0.jar:/home/zohair/.m2/repository/com/google/inject/extensions/guice-servlet/4.0/guice-servlet-4.0.jar:/home/zohair/.m2/repository/com/sun/jersey/jersey-json/1.19/jersey-json-1.19.jar:/home/zohair/.m2/repository/com/sun/xml/bind/jaxb-impl/2.2.3-1/jaxb-impl-2.2.3-1.jar:/home/zohair/.m2/repository/org/codehaus/jackson/jackson-jaxrs/1.9.2/jackson-jaxrs-1.9.2.jar:/home/zohair/.m2/repository/org/codehaus/jackson/jackson-xc/1.9.2/jackson-xc-1.9.2.jar:/home/zohair/.m2/repository/com/sun/jersey/contribs/jersey-guice/1.19/jersey-guice-1.19.jar:/home/zohair/.m2/repository/org/apache/hadoop/hadoop-yarn-server-common/3.1.0/hadoop-yarn-server-common-3.1.0.jar:/home/zohair/.m2/repository/org/apache/hadoop/hadoop-yarn-registry/3.1.0/hadoop-yarn-registry-3.1.0.jar:/home/zohair/.m2/repository/commons-daemon/commons-daemon/1.0.13/commons-daemon-1.0.13.jar:/home/zohair/.m2/repository/org/apache/geronimo/specs/geronimo-jcache_1.0_spec/1.0-alpha-1/geronimo-jcache_1.0_spec-1.0-alpha-1.jar:/home/zohair/.m2/repository/org/ehcache/ehcache/3.3.1/ehcache-3.3.1.jar:/home/zohair/.m2/repository/com/zaxxer/HikariCP-java7/2.4.12/HikariCP-java7-2.4.12.jar:/home/zohair/.m2/repository/com/microsoft/sqlserver/mssql-jdbc/6.2.1.jre7/mssql-jdbc-6.2.1.jre7.jar:/home/zohair/.m2/repository/org/apache/hadoop/hadoop-yarn-server-applicationhistoryservice/3.1.0/hadoop-yarn-server-applicationhistoryservice-3.1.0.jar:/home/zohair/.m2/repository/de/ruedigermoeller/fst/2.50/fst-2.50.jar:/home/zohair/.m2/repository/com/cedarsoftware/java-util/1.9.0/java-util-1.9.0.jar:/home/zohair/.m2/repository/com/cedarsoftware/json-io/2.5.1/json-io-2.5.1.jar:/home/zohair/.m2/repository/org/apache/hadoop/hadoop-yarn-server-web-proxy/3.1.0/hadoop-yarn-server-web-proxy-3.1.0.jar:/home/zohair/.m2/repository/org/fusesource/leveldbjni/leveldbjni-all/1.8/leveldbjni-all-1.8.jar:/home/zohair/.m2/repository/org/apache/hive/shims/hive-shims-scheduler/3.1.2/hive-shims-scheduler-3.1.2.jar:/home/zohair/.m2/repository/org/apache/hive/hive-service-rpc/3.1.2/hive-service-rpc-3.1.2.jar:/home/zohair/.m2/repository/org/apache/httpcomponents/httpclient/4.5.2/httpclient-4.5.2.jar:/home/zohair/.m2/repository/org/apache/httpcomponents/httpcore/4.4.4/httpcore-4.4.4.jar:/home/zohair/.m2/repository/org/apache/thrift/libthrift/0.9.3/libthrift-0.9.3.jar:/home/zohair/.m2/repository/org/apache/zookeeper/zookeeper/3.4.6/zookeeper-3.4.6.jar:/home/zohair/.m2/repository/io/netty/netty/3.7.0.Final/netty-3.7.0.Final.jar:/home/zohair/.m2/repository/org/apache/curator/curator-framework/2.12.0/curator-framework-2.12.0.jar:/home/zohair/.m2/repository/org/apache/hive/hive-upgrade-acid/3.1.2/hive-upgrade-acid-3.1.2.jar:/home/zohair/.m2/repository/org/slf4j/slf4j-log4j12/1.7.32/slf4j-log4j12-1.7.32.jar:/home/zohair/.m2/repository/org/junit/jupiter/junit-jupiter-api/5.7.2/junit-jupiter-api-5.7.2.jar:/home/zohair/.m2/repository/org/apiguardian/apiguardian-api/1.1.0/apiguardian-api-1.1.0.jar:/home/zohair/.m2/repository/org/opentest4j/opentest4j/1.2.0/opentest4j-1.2.0.jar:/home/zohair/.m2/repository/org/junit/platform/junit-platform-commons/1.7.2/junit-platform-commons-1.7.2.jar:/home/zohair/.m2/repository/org/junit/jupiter/junit-jupiter-engine/5.7.2/junit-jupiter-engine-5.7.2.jar:/home/zohair/.m2/repository/org/junit/platform/junit-platform-engine/1.7.2/junit-platform-engine-1.7.2.jar:/home/zohair/.m2/repository/org/junit/vintage/junit-vintage-engine/5.7.2/junit-vintage-engine-5.7.2.jar:/home/zohair/.m2/repository/org/mockito/mockito-core/3.11.2/mockito-core-3.11.2.jar:/home/zohair/.m2/repository/net/bytebuddy/byte-buddy/1.11.3/byte-buddy-1.11.3.jar:/home/zohair/.m2/repository/net/bytebuddy/byte-buddy-agent/1.11.3/byte-buddy-agent-1.11.3.jar:/home/zohair/.m2/repository/org/objenesis/objenesis/3.2/objenesis-3.2.jar:/home/zohair/.m2/repository/org/mockito/mockito-junit-jupiter/3.11.2/mockito-junit-jupiter-3.11.2.jar:/home/zohair/.m2/repository/org/codehaus/groovy/groovy-test/2.5.14/groovy-test-2.5.14.jar:/home/zohair/.m2/repository/org/codehaus/groovy/groovy/2.5.14/groovy-2.5.14.jar:"/>
    <property name="java.vm.vendor" value="Private Build"/>
    <property name="sun.arch.data.model" value="64"/>
    <property name="java.vendor.url" value="http://java.oracle.com/"/>
    <property name="user.timezone" value=""/>
    <property name="java.vm.specification.version" value="1.8"/>
    <property name="os.name" value="Linux"/>
    <property name="user.country" value="${user.country}"/>
    <property name="sun.java.launcher" value="SUN_STANDARD"/>
    <property name="sun.boot.library.path" value="/usr/lib/jvm/java-8-openjdk-amd64/jre/lib/amd64"/>
    <property name="sun.java.command" value="/mnt/f/my_proccessor/nifi_saifty_lake/nifi-saiftylake-processors/target/surefire/surefirebooter4991657200231326672.jar /mnt/f/my_proccessor/nifi_saifty_lake/nifi-saiftylake-processors/target/surefire 2021-12-21T11-50-32_872-jvmRun1 surefire8567844558287336132tmp surefire_02657479031192361087tmp"/>
    <property name="surefire.test.class.path" value="/mnt/f/my_proccessor/nifi_saifty_lake/nifi-saiftylake-processors/target/test-classes:/mnt/f/my_proccessor/nifi_saifty_lake/nifi-saiftylake-processors/target/classes:/home/zohair/.m2/repository/org/apache/nifi/nifi-api/1.15.0/nifi-api-1.15.0.jar:/home/zohair/.m2/repository/org/apache/nifi/nifi-utils/1.15.0/nifi-utils-1.15.0.jar:/home/zohair/.m2/repository/org/apache/nifi/nifi-mock/1.15.0/nifi-mock-1.15.0.jar:/home/zohair/.m2/repository/org/apache/nifi/nifi-framework-api/1.15.0/nifi-framework-api-1.15.0.jar:/home/zohair/.m2/repository/org/apache/nifi/nifi-parameter/1.15.0/nifi-parameter-1.15.0.jar:/home/zohair/.m2/repository/org/apache/nifi/nifi-framework-core-api/1.15.0/nifi-framework-core-api-1.15.0.jar:/home/zohair/.m2/repository/org/apache/nifi/nifi-framework-nar-utils/1.15.0/nifi-framework-nar-utils-1.15.0.jar:/home/zohair/.m2/repository/org/apache/nifi/nifi-client-dto/1.15.0/nifi-client-dto-1.15.0.jar:/home/zohair/.m2/repository/io/swagger/swagger-annotations/1.6.0/swagger-annotations-1.6.0.jar:/home/zohair/.m2/repository/org/apache/nifi/nifi-site-to-site-client/1.15.0/nifi-site-to-site-client-1.15.0.jar:/home/zohair/.m2/repository/org/apache/nifi/nifi-security-utils/1.15.0/nifi-security-utils-1.15.0.jar:/home/zohair/.m2/repository/org/apache/nifi/nifi-security-utils-api/1.15.0/nifi-security-utils-api-1.15.0.jar:/home/zohair/.m2/repository/org/apache/nifi/nifi-security-kms/1.15.0/nifi-security-kms-1.15.0.jar:/home/zohair/.m2/repository/org/bouncycastle/bcprov-jdk15on/1.69/bcprov-jdk15on-1.69.jar:/home/zohair/.m2/repository/org/bouncycastle/bcpkix-jdk15on/1.69/bcpkix-jdk15on-1.69.jar:/home/zohair/.m2/repository/org/bouncycastle/bcutil-jdk15on/1.69/bcutil-jdk15on-1.69.jar:/home/zohair/.m2/repository/org/apache/nifi/nifi-properties/1.15.0/nifi-properties-1.15.0.jar:/home/zohair/.m2/repository/org/apache/nifi/nifi-property-utils/1.15.0/nifi-property-utils-1.15.0.jar:/home/zohair/.m2/repository/at/favre/lib/bcrypt/0.9.0/bcrypt-0.9.0.jar:/home/zohair/.m2/repository/at/favre/lib/bytes/1.3.0/bytes-1.3.0.jar:/home/zohair/.m2/repository/org/apache/httpcomponents/httpasyncclient/4.1.4/httpasyncclient-4.1.4.jar:/home/zohair/.m2/repository/org/apache/httpcomponents/httpcore-nio/4.4.10/httpcore-nio-4.4.10.jar:/home/zohair/.m2/repository/org/apache/commons/commons-lang3/3.9/commons-lang3-3.9.jar:/home/zohair/.m2/repository/org/apache/nifi/nifi-framework-authorization/1.15.0/nifi-framework-authorization-1.15.0.jar:/home/zohair/.m2/repository/org/apache/nifi/registry/nifi-registry-data-model/1.15.0/nifi-registry-data-model-1.15.0.jar:/home/zohair/.m2/repository/javax/validation/validation-api/2.0.1.Final/validation-api-2.0.1.Final.jar:/home/zohair/.m2/repository/javax/ws/rs/javax.ws.rs-api/2.1/javax.ws.rs-api-2.1.jar:/home/zohair/.m2/repository/org/apache/nifi/registry/nifi-registry-revision-entity-model/1.15.0/nifi-registry-revision-entity-model-1.15.0.jar:/home/zohair/.m2/repository/org/apache/nifi/registry/nifi-registry-client/1.15.0/nifi-registry-client-1.15.0.jar:/home/zohair/.m2/repository/org/apache/nifi/registry/nifi-registry-security-utils/1.15.0/nifi-registry-security-utils-1.15.0.jar:/home/zohair/.m2/repository/org/glassfish/jersey/core/jersey-client/2.33/jersey-client-2.33.jar:/home/zohair/.m2/repository/jakarta/ws/rs/jakarta.ws.rs-api/2.1.6/jakarta.ws.rs-api-2.1.6.jar:/home/zohair/.m2/repository/org/glassfish/hk2/external/jakarta.inject/2.6.1/jakarta.inject-2.6.1.jar:/home/zohair/.m2/repository/org/glassfish/jersey/media/jersey-media-json-jackson/2.33/jersey-media-json-jackson-2.33.jar:/home/zohair/.m2/repository/org/glassfish/jersey/ext/jersey-entity-filtering/2.33/jersey-entity-filtering-2.33.jar:/home/zohair/.m2/repository/com/fasterxml/jackson/module/jackson-module-jaxb-annotations/2.11.3/jackson-module-jaxb-annotations-2.11.3.jar:/home/zohair/.m2/repository/jakarta/xml/bind/jakarta.xml.bind-api/2.3.2/jakarta.xml.bind-api-2.3.2.jar:/home/zohair/.m2/repository/jakarta/activation/jakarta.activation-api/1.2.1/jakarta.activation-api-1.2.1.jar:/home/zohair/.m2/repository/org/glassfish/jersey/inject/jersey-hk2/2.33/jersey-hk2-2.33.jar:/home/zohair/.m2/repository/org/glassfish/hk2/hk2-locator/2.6.1/hk2-locator-2.6.1.jar:/home/zohair/.m2/repository/org/glassfish/hk2/external/aopalliance-repackaged/2.6.1/aopalliance-repackaged-2.6.1.jar:/home/zohair/.m2/repository/org/glassfish/hk2/hk2-api/2.6.1/hk2-api-2.6.1.jar:/home/zohair/.m2/repository/org/glassfish/hk2/hk2-utils/2.6.1/hk2-utils-2.6.1.jar:/home/zohair/.m2/repository/org/javassist/javassist/3.25.0-GA/javassist-3.25.0-GA.jar:/home/zohair/.m2/repository/org/glassfish/jersey/core/jersey-common/2.33/jersey-common-2.33.jar:/home/zohair/.m2/repository/jakarta/annotation/jakarta.annotation-api/1.3.5/jakarta.annotation-api-1.3.5.jar:/home/zohair/.m2/repository/org/glassfish/hk2/osgi-resource-locator/1.0.3/osgi-resource-locator-1.0.3.jar:/home/zohair/.m2/repository/org/glassfish/jersey/media/jersey-media-multipart/2.33/jersey-media-multipart-2.33.jar:/home/zohair/.m2/repository/org/jvnet/mimepull/mimepull/1.9.13/mimepull-1.9.13.jar:/home/zohair/.m2/repository/org/apache/nifi/nifi-expression-language/1.15.0/nifi-expression-language-1.15.0.jar:/home/zohair/.m2/repository/org/antlr/antlr-runtime/3.5.2/antlr-runtime-3.5.2.jar:/home/zohair/.m2/repository/org/apache/nifi/nifi-uuid5/1.15.0/nifi-uuid5-1.15.0.jar:/home/zohair/.m2/repository/com/jayway/jsonpath/json-path/2.6.0/json-path-2.6.0.jar:/home/zohair/.m2/repository/net/minidev/json-smart/2.4.7/json-smart-2.4.7.jar:/home/zohair/.m2/repository/net/minidev/accessors-smart/2.4.7/accessors-smart-2.4.7.jar:/home/zohair/.m2/repository/org/ow2/asm/asm/9.1/asm-9.1.jar:/home/zohair/.m2/repository/com/fasterxml/jackson/core/jackson-databind/2.12.3/jackson-databind-2.12.3.jar:/home/zohair/.m2/repository/com/fasterxml/jackson/core/jackson-annotations/2.12.3/jackson-annotations-2.12.3.jar:/home/zohair/.m2/repository/com/fasterxml/jackson/core/jackson-core/2.12.3/jackson-core-2.12.3.jar:/home/zohair/.m2/repository/org/apache/commons/commons-text/1.8/commons-text-1.8.jar:/home/zohair/.m2/repository/commons-codec/commons-codec/1.14/commons-codec-1.14.jar:/home/zohair/.m2/repository/org/apache/nifi/nifi-data-provenance-utils/1.15.0/nifi-data-provenance-utils-1.15.0.jar:/home/zohair/.m2/repository/org/slf4j/slf4j-simple/1.7.32/slf4j-simple-1.7.32.jar:/home/zohair/.m2/repository/org/slf4j/slf4j-api/1.7.32/slf4j-api-1.7.32.jar:/home/zohair/.m2/repository/junit/junit/4.13.2/junit-4.13.2.jar:/home/zohair/.m2/repository/org/hamcrest/hamcrest-core/1.3/hamcrest-core-1.3.jar:/mnt/f/my_proccessor/nifi_saifty_lake/saifty_lake/target/saifty_lake-1.0-SNAPSHOT.jar:/home/zohair/.m2/repository/org/apache/logging/log4j/log4j-core/2.16.0/log4j-core-2.16.0.jar:/home/zohair/.m2/repository/org/apache/logging/log4j/log4j-api/2.16.0/log4j-api-2.16.0.jar:/home/zohair/.m2/repository/org/glassfish/javax.el/3.0.1-b08/javax.el-3.0.1-b08.jar:/home/zohair/.m2/repository/org/apache/hadoop/hadoop-client/3.3.0/hadoop-client-3.3.0.jar:/home/zohair/.m2/repository/org/apache/hadoop/hadoop-common/3.3.0/hadoop-common-3.3.0.jar:/home/zohair/.m2/repository/org/apache/hadoop/thirdparty/hadoop-shaded-protobuf_3_7/1.0.0/hadoop-shaded-protobuf_3_7-1.0.0.jar:/home/zohair/.m2/repository/com/google/guava/guava/27.0-jre/guava-27.0-jre.jar:/home/zohair/.m2/repository/com/google/guava/failureaccess/1.0/failureaccess-1.0.jar:/home/zohair/.m2/repository/com/google/guava/listenablefuture/9999.0-empty-to-avoid-conflict-with-guava/listenablefuture-9999.0-empty-to-avoid-conflict-with-guava.jar:/home/zohair/.m2/repository/org/checkerframework/checker-qual/2.5.2/checker-qual-2.5.2.jar:/home/zohair/.m2/repository/com/google/j2objc/j2objc-annotations/1.1/j2objc-annotations-1.1.jar:/home/zohair/.m2/repository/org/codehaus/mojo/animal-sniffer-annotations/1.17/animal-sniffer-annotations-1.17.jar:/home/zohair/.m2/repository/commons-cli/commons-cli/1.2/commons-cli-1.2.jar:/home/zohair/.m2/repository/org/apache/commons/commons-math3/3.1.1/commons-math3-3.1.1.jar:/home/zohair/.m2/repository/commons-io/commons-io/2.5/commons-io-2.5.jar:/home/zohair/.m2/repository/commons-net/commons-net/3.6/commons-net-3.6.jar:/home/zohair/.m2/repository/commons-collections/commons-collections/3.2.2/commons-collections-3.2.2.jar:/home/zohair/.m2/repository/javax/activation/javax.activation-api/1.2.0/javax.activation-api-1.2.0.jar:/home/zohair/.m2/repository/org/eclipse/jetty/jetty-servlet/9.4.44.v20210927/jetty-servlet-9.4.44.v20210927.jar:/home/zohair/.m2/repository/org/eclipse/jetty/jetty-security/9.4.44.v20210927/jetty-security-9.4.44.v20210927.jar:/home/zohair/.m2/repository/org/eclipse/jetty/jetty-util-ajax/9.4.44.v20210927/jetty-util-ajax-9.4.44.v20210927.jar:/home/zohair/.m2/repository/org/eclipse/jetty/jetty-webapp/9.4.44.v20210927/jetty-webapp-9.4.44.v20210927.jar:/home/zohair/.m2/repository/org/eclipse/jetty/jetty-xml/9.4.44.v20210927/jetty-xml-9.4.44.v20210927.jar:/home/zohair/.m2/repository/javax/servlet/jsp/jsp-api/2.1/jsp-api-2.1.jar:/home/zohair/.m2/repository/com/sun/jersey/jersey-servlet/1.19/jersey-servlet-1.19.jar:/home/zohair/.m2/repository/commons-logging/commons-logging/1.1.3/commons-logging-1.1.3.jar:/home/zohair/.m2/repository/commons-beanutils/commons-beanutils/1.9.4/commons-beanutils-1.9.4.jar:/home/zohair/.m2/repository/org/apache/commons/commons-configuration2/2.1.1/commons-configuration2-2.1.1.jar:/home/zohair/.m2/repository/org/apache/avro/avro/1.7.7/avro-1.7.7.jar:/home/zohair/.m2/repository/org/codehaus/jackson/jackson-core-asl/1.9.13/jackson-core-asl-1.9.13.jar:/home/zohair/.m2/repository/org/codehaus/jackson/jackson-mapper-asl/1.9.13/jackson-mapper-asl-1.9.13.jar:/home/zohair/.m2/repository/com/thoughtworks/paranamer/paranamer/2.3/paranamer-2.3.jar:/home/zohair/.m2/repository/org/xerial/snappy/snappy-java/1.0.5/snappy-java-1.0.5.jar:/home/zohair/.m2/repository/com/google/re2j/re2j/1.1/re2j-1.1.jar:/home/zohair/.m2/repository/com/google/protobuf/protobuf-java/2.5.0/protobuf-java-2.5.0.jar:/home/zohair/.m2/repository/com/google/code/gson/gson/2.2.4/gson-2.2.4.jar:/home/zohair/.m2/repository/org/apache/hadoop/hadoop-auth/3.3.0/hadoop-auth-3.3.0.jar:/home/zohair/.m2/repository/com/nimbusds/nimbus-jose-jwt/7.9/nimbus-jose-jwt-7.9.jar:/home/zohair/.m2/repository/com/github/stephenc/jcip/jcip-annotations/1.0-1/jcip-annotations-1.0-1.jar:/home/zohair/.m2/repository/org/apache/kerby/kerb-simplekdc/1.0.1/kerb-simplekdc-1.0.1.jar:/home/zohair/.m2/repository/org/apache/kerby/kerb-client/1.0.1/kerb-client-1.0.1.jar:/home/zohair/.m2/repository/org/apache/kerby/kerby-config/1.0.1/kerby-config-1.0.1.jar:/home/zohair/.m2/repository/org/apache/kerby/kerb-common/1.0.1/kerb-common-1.0.1.jar:/home/zohair/.m2/repository/org/apache/kerby/kerb-crypto/1.0.1/kerb-crypto-1.0.1.jar:/home/zohair/.m2/repository/org/apache/kerby/kerb-util/1.0.1/kerb-util-1.0.1.jar:/home/zohair/.m2/repository/org/apache/kerby/token-provider/1.0.1/token-provider-1.0.1.jar:/home/zohair/.m2/repository/org/apache/kerby/kerb-admin/1.0.1/kerb-admin-1.0.1.jar:/home/zohair/.m2/repository/org/apache/kerby/kerb-server/1.0.1/kerb-server-1.0.1.jar:/home/zohair/.m2/repository/org/apache/kerby/kerb-identity/1.0.1/kerb-identity-1.0.1.jar:/home/zohair/.m2/repository/org/apache/kerby/kerby-xdr/1.0.1/kerby-xdr-1.0.1.jar:/home/zohair/.m2/repository/org/apache/curator/curator-client/4.2.0/curator-client-4.2.0.jar:/home/zohair/.m2/repository/org/apache/curator/curator-recipes/4.2.0/curator-recipes-4.2.0.jar:/home/zohair/.m2/repository/com/google/code/findbugs/jsr305/3.0.2/jsr305-3.0.2.jar:/home/zohair/.m2/repository/org/apache/htrace/htrace-core4/4.1.0-incubating/htrace-core4-4.1.0-incubating.jar:/home/zohair/.m2/repository/org/apache/commons/commons-compress/1.19/commons-compress-1.19.jar:/home/zohair/.m2/repository/org/apache/kerby/kerb-core/1.0.1/kerb-core-1.0.1.jar:/home/zohair/.m2/repository/org/apache/kerby/kerby-pkix/1.0.1/kerby-pkix-1.0.1.jar:/home/zohair/.m2/repository/org/apache/kerby/kerby-asn1/1.0.1/kerby-asn1-1.0.1.jar:/home/zohair/.m2/repository/org/apache/kerby/kerby-util/1.0.1/kerby-util-1.0.1.jar:/home/zohair/.m2/repository/org/codehaus/woodstox/stax2-api/3.1.4/stax2-api-3.1.4.jar:/home/zohair/.m2/repository/com/fasterxml/woodstox/woodstox-core/5.0.3/woodstox-core-5.0.3.jar:/home/zohair/.m2/repository/dnsjava/dnsjava/2.1.7/dnsjava-2.1.7.jar:/home/zohair/.m2/repository/org/apache/hadoop/hadoop-hdfs-client/3.3.0/hadoop-hdfs-client-3.3.0.jar:/home/zohair/.m2/repository/com/squareup/okhttp/okhttp/2.7.5/okhttp-2.7.5.jar:/home/zohair/.m2/repository/com/squareup/okio/okio/1.6.0/okio-1.6.0.jar:/home/zohair/.m2/repository/org/apache/hadoop/hadoop-yarn-api/3.3.0/hadoop-yarn-api-3.3.0.jar:/home/zohair/.m2/repository/javax/xml/bind/jaxb-api/2.2.11/jaxb-api-2.2.11.jar:/home/zohair/.m2/repository/org/apache/hadoop/hadoop-yarn-client/3.3.0/hadoop-yarn-client-3.3.0.jar:/home/zohair/.m2/repository/org/eclipse/jetty/websocket/websocket-client/9.4.44.v20210927/websocket-client-9.4.44.v20210927.jar:/home/zohair/.m2/repository/org/eclipse/jetty/jetty-client/9.4.44.v20210927/jetty-client-9.4.44.v20210927.jar:/home/zohair/.m2/repository/org/eclipse/jetty/jetty-util/9.4.44.v20210927/jetty-util-9.4.44.v20210927.jar:/home/zohair/.m2/repository/org/eclipse/jetty/jetty-io/9.4.44.v20210927/jetty-io-9.4.44.v20210927.jar:/home/zohair/.m2/repository/org/eclipse/jetty/websocket/websocket-common/9.4.44.v20210927/websocket-common-9.4.44.v20210927.jar:/home/zohair/.m2/repository/org/eclipse/jetty/websocket/websocket-api/9.4.44.v20210927/websocket-api-9.4.44.v20210927.jar:/home/zohair/.m2/repository/org/jline/jline/3.9.0/jline-3.9.0.jar:/home/zohair/.m2/repository/org/apache/hadoop/hadoop-mapreduce-client-core/3.3.0/hadoop-mapreduce-client-core-3.3.0.jar:/home/zohair/.m2/repository/org/apache/hadoop/hadoop-yarn-common/3.3.0/hadoop-yarn-common-3.3.0.jar:/home/zohair/.m2/repository/com/sun/jersey/jersey-core/1.19/jersey-core-1.19.jar:/home/zohair/.m2/repository/javax/ws/rs/jsr311-api/1.1.1/jsr311-api-1.1.1.jar:/home/zohair/.m2/repository/com/sun/jersey/jersey-client/1.19/jersey-client-1.19.jar:/home/zohair/.m2/repository/com/fasterxml/jackson/jaxrs/jackson-jaxrs-json-provider/2.10.3/jackson-jaxrs-json-provider-2.10.3.jar:/home/zohair/.m2/repository/com/fasterxml/jackson/jaxrs/jackson-jaxrs-base/2.10.3/jackson-jaxrs-base-2.10.3.jar:/home/zohair/.m2/repository/org/apache/hadoop/hadoop-mapreduce-client-jobclient/3.3.0/hadoop-mapreduce-client-jobclient-3.3.0.jar:/home/zohair/.m2/repository/org/apache/hadoop/hadoop-mapreduce-client-common/3.3.0/hadoop-mapreduce-client-common-3.3.0.jar:/home/zohair/.m2/repository/org/apache/hadoop/hadoop-annotations/3.3.0/hadoop-annotations-3.3.0.jar:/home/zohair/.m2/repository/org/apache/hive/hive-jdbc/3.1.2/hive-jdbc-3.1.2.jar:/home/zohair/.m2/repository/org/apache/hive/hive-common/3.1.2/hive-common-3.1.2.jar:/home/zohair/.m2/repository/org/apache/hive/hive-classification/3.1.2/hive-classification-3.1.2.jar:/home/zohair/.m2/repository/org/apache/hive/hive-storage-api/2.7.0/hive-storage-api-2.7.0.jar:/home/zohair/.m2/repository/commons-lang/commons-lang/2.6/commons-lang-2.6.jar:/home/zohair/.m2/repository/org/apache/orc/orc-core/1.5.6/orc-core-1.5.6.jar:/home/zohair/.m2/repository/org/apache/orc/orc-shims/1.5.6/orc-shims-1.5.6.jar:/home/zohair/.m2/repository/io/airlift/aircompressor/0.10/aircompressor-0.10.jar:/home/zohair/.m2/repository/org/apache/hadoop/hadoop-hdfs/2.2.0/hadoop-hdfs-2.2.0.jar:/home/zohair/.m2/repository/com/sun/jersey/jersey-server/1.9/jersey-server-1.9.jar:/home/zohair/.m2/repository/asm/asm/3.1/asm-3.1.jar:/home/zohair/.m2/repository/xmlenc/xmlenc/0.52/xmlenc-0.52.jar:/home/zohair/.m2/repository/jline/jline/2.12/jline-2.12.jar:/home/zohair/.m2/repository/javax/servlet/javax.servlet-api/3.1.0/javax.servlet-api-3.1.0.jar:/home/zohair/.m2/repository/org/eclipse/jetty/jetty-http/9.4.44.v20210927/jetty-http-9.4.44.v20210927.jar:/home/zohair/.m2/repository/org/eclipse/jetty/jetty-rewrite/9.4.44.v20210927/jetty-rewrite-9.4.44.v20210927.jar:/home/zohair/.m2/repository/org/eclipse/jetty/jetty-server/9.4.44.v20210927/jetty-server-9.4.44.v20210927.jar:/home/zohair/.m2/repository/joda-time/joda-time/2.9.9/joda-time-2.9.9.jar:/home/zohair/.m2/repository/org/apache/logging/log4j/log4j-1.2-api/2.10.0/log4j-1.2-api-2.10.0.jar:/home/zohair/.m2/repository/org/apache/logging/log4j/log4j-web/2.10.0/log4j-web-2.10.0.jar:/home/zohair/.m2/repository/org/apache/logging/log4j/log4j-slf4j-impl/2.10.0/log4j-slf4j-impl-2.10.0.jar:/home/zohair/.m2/repository/org/apache/ant/ant/1.9.1/ant-1.9.1.jar:/home/zohair/.m2/repository/org/apache/ant/ant-launcher/1.9.1/ant-launcher-1.9.1.jar:/home/zohair/.m2/repository/net/sf/jpam/jpam/1.1/jpam-1.1.jar:/home/zohair/.m2/repository/com/tdunning/json/1.8/json-1.8.jar:/home/zohair/.m2/repository/io/dropwizard/metrics/metrics-core/3.1.0/metrics-core-3.1.0.jar:/home/zohair/.m2/repository/io/dropwizard/metrics/metrics-jvm/3.1.0/metrics-jvm-3.1.0.jar:/home/zohair/.m2/repository/io/dropwizard/metrics/metrics-json/3.1.0/metrics-json-3.1.0.jar:/home/zohair/.m2/repository/com/github/joshelser/dropwizard-metrics-hadoop-metrics2-reporter/0.1.2/dropwizard-metrics-hadoop-metrics2-reporter-0.1.2.jar:/home/zohair/.m2/repository/javolution/javolution/5.5.1/javolution-5.5.1.jar:/home/zohair/.m2/repository/org/apache/hive/hive-service/3.1.2/hive-service-3.1.2.jar:/home/zohair/.m2/repository/org/apache/hive/hive-llap-server/3.1.2/hive-llap-server-3.1.2.jar:/home/zohair/.m2/repository/org/apache/hive/hive-llap-common/3.1.2/hive-llap-common-3.1.2.jar:/home/zohair/.m2/repository/org/apache/hive/hive-llap-client/3.1.2/hive-llap-client-3.1.2.jar:/home/zohair/.m2/repository/org/apache/hive/hive-llap-tez/3.1.2/hive-llap-tez-3.1.2.jar:/home/zohair/.m2/repository/io/netty/netty-all/4.1.17.Final/netty-all-4.1.17.Final.jar:/home/zohair/.m2/repository/org/codehaus/jettison/jettison/1.1/jettison-1.1.jar:/home/zohair/.m2/repository/org/apache/hive/hive-llap-common/3.1.2/hive-llap-common-3.1.2-tests.jar:/home/zohair/.m2/repository/org/apache/hbase/hbase-hadoop2-compat/2.0.0-alpha4/hbase-hadoop2-compat-2.0.0-alpha4.jar:/home/zohair/.m2/repository/org/apache/hbase/hbase-metrics/2.0.0-alpha4/hbase-metrics-2.0.0-alpha4.jar:/home/zohair/.m2/repository/org/apache/hbase/hbase-metrics-api/2.0.0-alpha4/hbase-metrics-api-2.0.0-alpha4.jar:/home/zohair/.m2/repository/org/apache/hbase/hbase-server/2.0.0-alpha4/hbase-server-2.0.0-alpha4.jar:/home/zohair/.m2/repository/org/apache/hbase/hbase-http/2.0.0-alpha4/hbase-http-2.0.0-alpha4.jar:/home/zohair/.m2/repository/org/glassfish/jersey/core/jersey-server/2.25.1/jersey-server-2.25.1.jar:/home/zohair/.m2/repository/org/glassfish/jersey/media/jersey-media-jaxb/2.25.1/jersey-media-jaxb-2.25.1.jar:/home/zohair/.m2/repository/org/glassfish/hk2/external/javax.inject/2.5.0-b32/javax.inject-2.5.0-b32.jar:/home/zohair/.m2/repository/org/glassfish/jersey/containers/jersey-container-servlet-core/2.25.1/jersey-container-servlet-core-2.25.1.jar:/home/zohair/.m2/repository/org/apache/hbase/hbase-procedure/2.0.0-alpha4/hbase-procedure-2.0.0-alpha4.jar:/home/zohair/.m2/repository/org/apache/hbase/hbase-common/2.0.0-alpha4/hbase-common-2.0.0-alpha4-tests.jar:/home/zohair/.m2/repository/org/apache/hbase/hbase-replication/2.0.0-alpha4/hbase-replication-2.0.0-alpha4.jar:/home/zohair/.m2/repository/org/apache/hbase/hbase-prefix-tree/2.0.0-alpha4/hbase-prefix-tree-2.0.0-alpha4.jar:/home/zohair/.m2/repository/org/apache/commons/commons-collections4/4.1/commons-collections4-4.1.jar:/home/zohair/.m2/repository/org/glassfish/web/javax.servlet.jsp/2.3.2/javax.servlet.jsp-2.3.2.jar:/home/zohair/.m2/repository/com/lmax/disruptor/3.3.6/disruptor-3.3.6.jar:/home/zohair/.m2/repository/org/apache/hadoop/hadoop-distcp/2.7.1/hadoop-distcp-2.7.1.jar:/home/zohair/.m2/repository/org/apache/hbase/hbase-mapreduce/2.0.0-alpha4/hbase-mapreduce-2.0.0-alpha4.jar:/home/zohair/.m2/repository/org/apache/hbase/hbase-common/2.0.0-alpha4/hbase-common-2.0.0-alpha4.jar:/home/zohair/.m2/repository/com/github/stephenc/findbugs/findbugs-annotations/1.3.9-1/findbugs-annotations-1.3.9-1.jar:/home/zohair/.m2/repository/org/apache/hbase/hbase-hadoop-compat/2.0.0-alpha4/hbase-hadoop-compat-2.0.0-alpha4.jar:/home/zohair/.m2/repository/javax/servlet/jsp/javax.servlet.jsp-api/2.3.1/javax.servlet.jsp-api-2.3.1.jar:/home/zohair/.m2/repository/org/eclipse/jetty/jetty-runner/9.4.44.v20210927/jetty-runner-9.4.44.v20210927.jar:/home/zohair/.m2/repository/org/eclipse/jetty/jetty-plus/9.4.44.v20210927/jetty-plus-9.4.44.v20210927.jar:/home/zohair/.m2/repository/org/eclipse/jetty/jetty-annotations/9.4.44.v20210927/jetty-annotations-9.4.44.v20210927.jar:/home/zohair/.m2/repository/javax/annotation/javax.annotation-api/1.3.2/javax.annotation-api-1.3.2.jar:/home/zohair/.m2/repository/org/ow2/asm/asm-commons/9.2/asm-commons-9.2.jar:/home/zohair/.m2/repository/org/ow2/asm/asm-tree/9.2/asm-tree-9.2.jar:/home/zohair/.m2/repository/org/ow2/asm/asm-analysis/9.2/asm-analysis-9.2.jar:/home/zohair/.m2/repository/org/eclipse/jetty/jetty-jaas/9.4.44.v20210927/jetty-jaas-9.4.44.v20210927.jar:/home/zohair/.m2/repository/org/eclipse/jetty/websocket/websocket-server/9.4.44.v20210927/websocket-server-9.4.44.v20210927.jar:/home/zohair/.m2/repository/org/eclipse/jetty/websocket/websocket-servlet/9.4.44.v20210927/websocket-servlet-9.4.44.v20210927.jar:/home/zohair/.m2/repository/org/eclipse/jetty/jetty-jndi/9.4.44.v20210927/jetty-jndi-9.4.44.v20210927.jar:/home/zohair/.m2/repository/org/eclipse/jetty/apache-jsp/9.4.44.v20210927/apache-jsp-9.4.44.v20210927.jar:/home/zohair/.m2/repository/org/eclipse/jetty/toolchain/jetty-schemas/3.1/jetty-schemas-3.1.jar:/home/zohair/.m2/repository/org/eclipse/jetty/apache-jstl/9.4.44.v20210927/apache-jstl-9.4.44.v20210927.jar:/home/zohair/.m2/repository/org/apache/taglibs/taglibs-standard-spec/1.2.5/taglibs-standard-spec-1.2.5.jar:/home/zohair/.m2/repository/org/apache/taglibs/taglibs-standard-impl/1.2.5/taglibs-standard-impl-1.2.5.jar:/home/zohair/.m2/repository/org/apache/thrift/libfb303/0.9.3/libfb303-0.9.3.jar:/home/zohair/.m2/repository/org/jamon/jamon-runtime/2.3.1/jamon-runtime-2.3.1.jar:/home/zohair/.m2/repository/org/apache/hive/hive-serde/3.1.2/hive-serde-3.1.2.jar:/home/zohair/.m2/repository/org/apache/arrow/arrow-vector/0.8.0/arrow-vector-0.8.0.jar:/home/zohair/.m2/repository/org/apache/arrow/arrow-format/0.8.0/arrow-format-0.8.0.jar:/home/zohair/.m2/repository/org/apache/arrow/arrow-memory/0.8.0/arrow-memory-0.8.0.jar:/home/zohair/.m2/repository/io/netty/netty-buffer/4.1.17.Final/netty-buffer-4.1.17.Final.jar:/home/zohair/.m2/repository/io/netty/netty-common/4.1.17.Final/netty-common-4.1.17.Final.jar:/home/zohair/.m2/repository/com/carrotsearch/hppc/0.7.2/hppc-0.7.2.jar:/home/zohair/.m2/repository/com/vlkan/flatbuffers/1.2.0-3f79e055/flatbuffers-1.2.0-3f79e055.jar:/home/zohair/.m2/repository/net/sf/opencsv/opencsv/2.3/opencsv-2.3.jar:/home/zohair/.m2/repository/org/apache/parquet/parquet-hadoop-bundle/1.10.0/parquet-hadoop-bundle-1.10.0.jar:/home/zohair/.m2/repository/org/apache/hive/hive-metastore/3.1.2/hive-metastore-3.1.2.jar:/home/zohair/.m2/repository/org/apache/hive/hive-standalone-metastore/3.1.2/hive-standalone-metastore-3.1.2.jar:/home/zohair/.m2/repository/org/datanucleus/datanucleus-api-jdo/4.2.4/datanucleus-api-jdo-4.2.4.jar:/home/zohair/.m2/repository/org/datanucleus/datanucleus-core/4.1.17/datanucleus-core-4.1.17.jar:/home/zohair/.m2/repository/org/datanucleus/datanucleus-rdbms/4.1.19/datanucleus-rdbms-4.1.19.jar:/home/zohair/.m2/repository/org/datanucleus/javax.jdo/3.2.0-m3/javax.jdo-3.2.0-m3.jar:/home/zohair/.m2/repository/javax/transaction/transaction-api/1.1/transaction-api-1.1.jar:/home/zohair/.m2/repository/sqlline/sqlline/1.3.0/sqlline-1.3.0.jar:/home/zohair/.m2/repository/org/apache/hbase/hbase-client/2.0.0-alpha4/hbase-client-2.0.0-alpha4.jar:/home/zohair/.m2/repository/org/apache/hbase/thirdparty/hbase-shaded-protobuf/1.0.1/hbase-shaded-protobuf-1.0.1.jar:/home/zohair/.m2/repository/org/apache/hbase/hbase-protocol-shaded/2.0.0-alpha4/hbase-protocol-shaded-2.0.0-alpha4.jar:/home/zohair/.m2/repository/org/apache/hbase/hbase-protocol/2.0.0-alpha4/hbase-protocol-2.0.0-alpha4.jar:/home/zohair/.m2/repository/org/apache/hbase/thirdparty/hbase-shaded-miscellaneous/1.0.1/hbase-shaded-miscellaneous-1.0.1.jar:/home/zohair/.m2/repository/org/apache/hbase/thirdparty/hbase-shaded-netty/1.0.1/hbase-shaded-netty-1.0.1.jar:/home/zohair/.m2/repository/org/apache/htrace/htrace-core/3.2.0-incubating/htrace-core-3.2.0-incubating.jar:/home/zohair/.m2/repository/org/jruby/jcodings/jcodings/1.0.18/jcodings-1.0.18.jar:/home/zohair/.m2/repository/org/jruby/joni/joni/2.1.11/joni-2.1.11.jar:/home/zohair/.m2/repository/org/apache/commons/commons-crypto/1.0.0/commons-crypto-1.0.0.jar:/home/zohair/.m2/repository/org/apache/yetus/audience-annotations/0.5.0/audience-annotations-0.5.0.jar:/home/zohair/.m2/repository/com/jolbox/bonecp/0.8.0.RELEASE/bonecp-0.8.0.RELEASE.jar:/home/zohair/.m2/repository/com/zaxxer/HikariCP/2.6.1/HikariCP-2.6.1.jar:/home/zohair/.m2/repository/org/apache/derby/derby/10.14.1.0/derby-10.14.1.0.jar:/home/zohair/.m2/repository/commons-pool/commons-pool/1.5.4/commons-pool-1.5.4.jar:/home/zohair/.m2/repository/commons-dbcp/commons-dbcp/1.4/commons-dbcp-1.4.jar:/home/zohair/.m2/repository/javax/jdo/jdo-api/3.0.1/jdo-api-3.0.1.jar:/home/zohair/.m2/repository/javax/transaction/jta/1.1/jta-1.1.jar:/home/zohair/.m2/repository/co/cask/tephra/tephra-api/0.6.0/tephra-api-0.6.0.jar:/home/zohair/.m2/repository/co/cask/tephra/tephra-core/0.6.0/tephra-core-0.6.0.jar:/home/zohair/.m2/repository/com/google/inject/guice/3.0/guice-3.0.jar:/home/zohair/.m2/repository/javax/inject/javax.inject/1/javax.inject-1.jar:/home/zohair/.m2/repository/aopalliance/aopalliance/1.0/aopalliance-1.0.jar:/home/zohair/.m2/repository/com/google/inject/extensions/guice-assistedinject/3.0/guice-assistedinject-3.0.jar:/home/zohair/.m2/repository/it/unimi/dsi/fastutil/6.5.6/fastutil-6.5.6.jar:/home/zohair/.m2/repository/org/apache/twill/twill-common/0.6.0-incubating/twill-common-0.6.0-incubating.jar:/home/zohair/.m2/repository/org/apache/twill/twill-core/0.6.0-incubating/twill-core-0.6.0-incubating.jar:/home/zohair/.m2/repository/org/apache/twill/twill-api/0.6.0-incubating/twill-api-0.6.0-incubating.jar:/home/zohair/.m2/repository/org/apache/twill/twill-discovery-api/0.6.0-incubating/twill-discovery-api-0.6.0-incubating.jar:/home/zohair/.m2/repository/org/apache/twill/twill-discovery-core/0.6.0-incubating/twill-discovery-core-0.6.0-incubating.jar:/home/zohair/.m2/repository/org/apache/twill/twill-zookeeper/0.6.0-incubating/twill-zookeeper-0.6.0-incubating.jar:/home/zohair/.m2/repository/co/cask/tephra/tephra-hbase-compat-1.0/0.6.0/tephra-hbase-compat-1.0-0.6.0.jar:/home/zohair/.m2/repository/org/apache/hive/hive-shims/3.1.2/hive-shims-3.1.2.jar:/home/zohair/.m2/repository/org/apache/hive/shims/hive-shims-common/3.1.2/hive-shims-common-3.1.2.jar:/home/zohair/.m2/repository/org/apache/hive/shims/hive-shims-0.23/3.1.2/hive-shims-0.23-3.1.2.jar:/home/zohair/.m2/repository/org/apache/hadoop/hadoop-yarn-server-resourcemanager/3.1.0/hadoop-yarn-server-resourcemanager-3.1.0.jar:/home/zohair/.m2/repository/com/google/inject/extensions/guice-servlet/4.0/guice-servlet-4.0.jar:/home/zohair/.m2/repository/com/sun/jersey/jersey-json/1.19/jersey-json-1.19.jar:/home/zohair/.m2/repository/com/sun/xml/bind/jaxb-impl/2.2.3-1/jaxb-impl-2.2.3-1.jar:/home/zohair/.m2/repository/org/codehaus/jackson/jackson-jaxrs/1.9.2/jackson-jaxrs-1.9.2.jar:/home/zohair/.m2/repository/org/codehaus/jackson/jackson-xc/1.9.2/jackson-xc-1.9.2.jar:/home/zohair/.m2/repository/com/sun/jersey/contribs/jersey-guice/1.19/jersey-guice-1.19.jar:/home/zohair/.m2/repository/org/apache/hadoop/hadoop-yarn-server-common/3.1.0/hadoop-yarn-server-common-3.1.0.jar:/home/zohair/.m2/repository/org/apache/hadoop/hadoop-yarn-registry/3.1.0/hadoop-yarn-registry-3.1.0.jar:/home/zohair/.m2/repository/commons-daemon/commons-daemon/1.0.13/commons-daemon-1.0.13.jar:/home/zohair/.m2/repository/org/apache/geronimo/specs/geronimo-jcache_1.0_spec/1.0-alpha-1/geronimo-jcache_1.0_spec-1.0-alpha-1.jar:/home/zohair/.m2/repository/org/ehcache/ehcache/3.3.1/ehcache-3.3.1.jar:/home/zohair/.m2/repository/com/zaxxer/HikariCP-java7/2.4.12/HikariCP-java7-2.4.12.jar:/home/zohair/.m2/repository/com/microsoft/sqlserver/mssql-jdbc/6.2.1.jre7/mssql-jdbc-6.2.1.jre7.jar:/home/zohair/.m2/repository/org/apache/hadoop/hadoop-yarn-server-applicationhistoryservice/3.1.0/hadoop-yarn-server-applicationhistoryservice-3.1.0.jar:/home/zohair/.m2/repository/de/ruedigermoeller/fst/2.50/fst-2.50.jar:/home/zohair/.m2/repository/com/cedarsoftware/java-util/1.9.0/java-util-1.9.0.jar:/home/zohair/.m2/repository/com/cedarsoftware/json-io/2.5.1/json-io-2.5.1.jar:/home/zohair/.m2/repository/org/apache/hadoop/hadoop-yarn-server-web-proxy/3.1.0/hadoop-yarn-server-web-proxy-3.1.0.jar:/home/zohair/.m2/repository/org/fusesource/leveldbjni/leveldbjni-all/1.8/leveldbjni-all-1.8.jar:/home/zohair/.m2/repository/org/apache/hive/shims/hive-shims-scheduler/3.1.2/hive-shims-scheduler-3.1.2.jar:/home/zohair/.m2/repository/org/apache/hive/hive-service-rpc/3.1.2/hive-service-rpc-3.1.2.jar:/home/zohair/.m2/repository/org/apache/httpcomponents/httpclient/4.5.2/httpclient-4.5.2.jar:/home/zohair/.m2/repository/org/apache/httpcomponents/httpcore/4.4.4/httpcore-4.4.4.jar:/home/zohair/.m2/repository/org/apache/thrift/libthrift/0.9.3/libthrift-0.9.3.jar:/home/zohair/.m2/repository/org/apache/zookeeper/zookeeper/3.4.6/zookeeper-3.4.6.jar:/home/zohair/.m2/repository/io/netty/netty/3.7.0.Final/netty-3.7.0.Final.jar:/home/zohair/.m2/repository/org/apache/curator/curator-framework/2.12.0/curator-framework-2.12.0.jar:/home/zohair/.m2/repository/org/apache/hive/hive-upgrade-acid/3.1.2/hive-upgrade-acid-3.1.2.jar:/home/zohair/.m2/repository/org/slf4j/slf4j-log4j12/1.7.32/slf4j-log4j12-1.7.32.jar:/home/zohair/.m2/repository/org/junit/jupiter/junit-jupiter-api/5.7.2/junit-jupiter-api-5.7.2.jar:/home/zohair/.m2/repository/org/apiguardian/apiguardian-api/1.1.0/apiguardian-api-1.1.0.jar:/home/zohair/.m2/repository/org/opentest4j/opentest4j/1.2.0/opentest4j-1.2.0.jar:/home/zohair/.m2/repository/org/junit/platform/junit-platform-commons/1.7.2/junit-platform-commons-1.7.2.jar:/home/zohair/.m2/repository/org/junit/jupiter/junit-jupiter-engine/5.7.2/junit-jupiter-engine-5.7.2.jar:/home/zohair/.m2/repository/org/junit/platform/junit-platform-engine/1.7.2/junit-platform-engine-1.7.2.jar:/home/zohair/.m2/repository/org/junit/vintage/junit-vintage-engine/5.7.2/junit-vintage-engine-5.7.2.jar:/home/zohair/.m2/repository/org/mockito/mockito-core/3.11.2/mockito-core-3.11.2.jar:/home/zohair/.m2/repository/net/bytebuddy/byte-buddy/1.11.3/byte-buddy-1.11.3.jar:/home/zohair/.m2/repository/net/bytebuddy/byte-buddy-agent/1.11.3/byte-buddy-agent-1.11.3.jar:/home/zohair/.m2/repository/org/objenesis/objenesis/3.2/objenesis-3.2.jar:/home/zohair/.m2/repository/org/mockito/mockito-junit-jupiter/3.11.2/mockito-junit-jupiter-3.11.2.jar:/home/zohair/.m2/repository/org/codehaus/groovy/groovy-test/2.5.14/groovy-test-2.5.14.jar:/home/zohair/.m2/repository/org/codehaus/groovy/groovy/2.5.14/groovy-2.5.14.jar:"/>
    <property name="sun.cpu.endian" value="little"/>
    <property name="user.home" value="/home/zohair"/>
    <property name="user.language" value="en"/>
    <property name="java.specification.vendor" value="Oracle Corporation"/>
    <property name="java.home" value="/usr/lib/jvm/java-8-openjdk-amd64/jre"/>
    <property name="basedir" value="/mnt/f/my_proccessor/nifi_saifty_lake/nifi-saiftylake-processors"/>
    <property name="file.separator" value="/"/>
    <property name="line.separator" value="&#10;"/>
    <property name="java.vm.specification.vendor" value="Oracle Corporation"/>
    <property name="java.specification.name" value="Java Platform API Specification"/>
    <property name="java.awt.graphicsenv" value="sun.awt.X11GraphicsEnvironment"/>
    <property name="java.awt.headless" value="true"/>
    <property name="surefire.real.class.path" value="/mnt/f/my_proccessor/nifi_saifty_lake/nifi-saiftylake-processors/target/surefire/surefirebooter4991657200231326672.jar"/>
    <property name="sun.boot.class.path" value="/usr/lib/jvm/java-8-openjdk-amd64/jre/lib/resources.jar:/usr/lib/jvm/java-8-openjdk-amd64/jre/lib/rt.jar:/usr/lib/jvm/java-8-openjdk-amd64/jre/lib/sunrsasign.jar:/usr/lib/jvm/java-8-openjdk-amd64/jre/lib/jsse.jar:/usr/lib/jvm/java-8-openjdk-amd64/jre/lib/jce.jar:/usr/lib/jvm/java-8-openjdk-amd64/jre/lib/charsets.jar:/usr/lib/jvm/java-8-openjdk-amd64/jre/lib/jfr.jar:/usr/lib/jvm/java-8-openjdk-amd64/jre/classes"/>
    <property name="sun.management.compiler" value="HotSpot 64-Bit Tiered Compilers"/>
    <property name="java.runtime.version" value="1.8.0_275-8u275-b01-0ubuntu1~18.04-b01"/>
    <property name="java.net.preferIPv4Stack" value="true"/>
    <property name="user.name" value="zohair"/>
    <property name="path.separator" value=":"/>
    <property name="os.version" value="4.4.0-19041-Microsoft"/>
    <property name="java.endorsed.dirs" value="/usr/lib/jvm/java-8-openjdk-amd64/jre/lib/endorsed"/>
    <property name="java.runtime.name" value="OpenJDK Runtime Environment"/>
    <property name="file.encoding" value="UTF-8"/>
    <property name="java.vm.name" value="OpenJDK 64-Bit Server VM"/>
    <property name="localRepository" value="/home/zohair/.m2/repository"/>
    <property name="java.vendor.url.bug" value="http://bugreport.sun.com/bugreport/"/>
    <property name="java.io.tmpdir" value="/tmp"/>
    <property name="java.version" value="1.8.0_275"/>
    <property name="user.dir" value="/mnt/f/my_proccessor/nifi_saifty_lake/nifi-saiftylake-processors"/>
    <property name="os.arch" value="amd64"/>
    <property name="java.vm.specification.name" value="Java Virtual Machine Specification"/>
    <property name="java.awt.printerjob" value="sun.print.PSPrinterJob"/>
    <property name="sun.os.patch.level" value="unknown"/>
    <property name="java.library.path" value="/usr/java/packages/lib/amd64:/usr/lib/x86_64-linux-gnu/jni:/lib/x86_64-linux-gnu:/usr/lib/x86_64-linux-gnu:/usr/lib/jni:/lib:/usr/lib"/>
    <property name="java.vm.info" value="mixed mode"/>
    <property name="java.vendor" value="Private Build"/>
    <property name="java.vm.version" value="25.275-b01"/>
    <property name="java.ext.dirs" value="/usr/lib/jvm/java-8-openjdk-amd64/jre/lib/ext:/usr/java/packages/lib/ext"/>
    <property name="sun.io.unicode.encoding" value="UnicodeLittle"/>
    <property name="java.class.version" value="52.0"/>
  </properties>
  <testcase name="testProcessor" classname="org.apache.nifi.processors.saiftylake.MyProcessorTest" time="0.378">
    <system-err><![CDATA[SLF4J: Class path contains multiple SLF4J bindings.
SLF4J: Found binding in [jar:file:/home/zohair/.m2/repository/org/slf4j/slf4j-simple/1.7.32/slf4j-simple-1.7.32.jar!/org/slf4j/impl/StaticLoggerBinder.class]
SLF4J: Found binding in [jar:file:/home/zohair/.m2/repository/org/apache/logging/log4j/log4j-slf4j-impl/2.10.0/log4j-slf4j-impl-2.10.0.jar!/org/slf4j/impl/StaticLoggerBinder.class]
SLF4J: Found binding in [jar:file:/home/zohair/.m2/repository/org/slf4j/slf4j-log4j12/1.7.32/slf4j-log4j12-1.7.32.jar!/org/slf4j/impl/StaticLoggerBinder.class]
SLF4J: See http://www.slf4j.org/codes.html#multiple_bindings for an explanation.
SLF4J: Actual binding is of type [org.slf4j.impl.SimpleLoggerFactory]
]]></system-err>
  </testcase>
</testsuite>